[ 2018-06-04T16:34:02+08:00 ] 127.0.0.1 /zd_townsmen/
INFO: [ app_init ] --START--
INFO: Run Behavior\BuildLiteBehavior [ RunTime:0.000000s ]
INFO: [ app_init ] --END-- [ RunTime:0.403023s ]
INFO: [ app_begin ] --START--
INFO: Run Behavior\ReadHtmlCacheBehavior [ RunTime:0.016001s ]
INFO: [ app_begin ] --END-- [ RunTime:0.016001s ]
SQL: SHOW COLUMNS FROM `ct_lottery` [ RunTime:2.1561s ]
SQL: SHOW COLUMNS FROM `ct_awards` [ RunTime:0.0940s ]
SQL: SELECT aw.aw_id,aw.name,aw.percentage as scale,pz.pr_id,pz.prize,pz.percentage,pz.type,pz.amount,pz.remainder FROM `ct_awards` aw left join ct_prize pz on pz.aw_id = aw.aw_id  WHERE aw.status = 1 AND pz.status = 1 AND ( aw.start_time >= 1528101242 OR aw.start_time = 0 ) AND ( aw.end_time <= 1528101242 OR aw.end_time = 0 ) ORDER BY pz.create_time desc  [ RunTime:0.1940s ]
ERR: 模板不存在:./Apps/Home/View/Index/index.html

[ 2018-06-04T16:36:32+08:00 ] 127.0.0.1 /zd_townsmen/
INFO: [ app_init ] --START--
INFO: Run Behavior\BuildLiteBehavior [ RunTime:0.000000s ]
INFO: [ app_init ] --END-- [ RunTime:0.001000s ]
INFO: [ app_begin ] --START--
INFO: Run Behavior\ReadHtmlCacheBehavior [ RunTime:0.002000s ]
INFO: [ app_begin ] --END-- [ RunTime:0.002000s ]
SQL: SHOW COLUMNS FROM `ct_lottery` [ RunTime:0.0380s ]
SQL: SHOW COLUMNS FROM `ct_awards` [ RunTime:0.0250s ]
SQL: SELECT aw.aw_id,aw.name,aw.percentage as scale,pz.pr_id,pz.prize,pz.percentage,pz.type,pz.amount,pz.remainder FROM `ct_awards` aw left join ct_prize pz on pz.aw_id = aw.aw_id  WHERE aw.status = 1 AND pz.status = 1 AND ( aw.start_time >= 1528101392 OR aw.start_time = 0 ) AND ( aw.end_time <= 1528101392 OR aw.end_time = 0 ) ORDER BY pz.create_time desc  [ RunTime:0.0160s ]
INFO: [ view_parse ] --START--
INFO: [ template_filter ] --START--
INFO: Run Behavior\ContentReplaceBehavior [ RunTime:0.013001s ]
INFO: [ template_filter ] --END-- [ RunTime:0.013001s ]
INFO: Run Behavior\ParseTemplateBehavior [ RunTime:0.051003s ]
INFO: [ view_parse ] --END-- [ RunTime:0.052003s ]
INFO: [ view_filter ] --START--
INFO: Run Behavior\WriteHtmlCacheBehavior [ RunTime:0.009001s ]
INFO: [ view_filter ] --END-- [ RunTime:0.009001s ]
INFO: [ app_end ] --START--
INFO: Run Behavior\ShowPageTraceBehavior [ RunTime:0.001000s ]
INFO: [ app_end ] --END-- [ RunTime:0.002000s ]

[ 2018-06-04T16:45:08+08:00 ] 127.0.0.1 /zd_townsmen/
INFO: [ app_init ] --START--
INFO: Run Behavior\BuildLiteBehavior [ RunTime:0.000000s ]
INFO: [ app_init ] --END-- [ RunTime:0.001001s ]
INFO: [ app_begin ] --START--
INFO: Run Behavior\ReadHtmlCacheBehavior [ RunTime:0.002000s ]
INFO: [ app_begin ] --END-- [ RunTime:0.002000s ]
SQL: SHOW COLUMNS FROM `ct_lottery` [ RunTime:0.0320s ]
SQL: SHOW COLUMNS FROM `ct_awards` [ RunTime:0.0150s ]
SQL: SELECT aw.aw_id,aw.name,aw.percentage as scale,pz.pr_id,pz.prize,pz.percentage,pz.type,pz.amount,pz.remainder FROM `ct_awards` aw left join ct_prize pz on pz.aw_id = aw.aw_id  WHERE aw.status = 1 AND pz.status = 1 AND ( aw.start_time >= 1528101908 OR aw.start_time = 0 ) AND ( aw.end_time <= 1528101908 OR aw.end_time = 0 ) ORDER BY pz.create_time desc  [ RunTime:0.0210s ]
INFO: [ view_parse ] --START--
INFO: [ template_filter ] --START--
INFO: Run Behavior\ContentReplaceBehavior [ RunTime:0.000000s ]
INFO: [ template_filter ] --END-- [ RunTime:0.000000s ]
INFO: Run Behavior\ParseTemplateBehavior [ RunTime:0.016001s ]
INFO: [ view_parse ] --END-- [ RunTime:0.017001s ]
INFO: [ view_filter ] --START--
INFO: Run Behavior\WriteHtmlCacheBehavior [ RunTime:0.002000s ]
INFO: [ view_filter ] --END-- [ RunTime:0.002000s ]
INFO: [ app_end ] --START--
INFO: Run Behavior\ShowPageTraceBehavior [ RunTime:0.002000s ]
INFO: [ app_end ] --END-- [ RunTime:0.002000s ]

[ 2018-06-04T16:45:52+08:00 ] 127.0.0.1 /zd_townsmen/
INFO: [ app_init ] --START--
INFO: Run Behavior\BuildLiteBehavior [ RunTime:0.000000s ]
INFO: [ app_init ] --END-- [ RunTime:0.001000s ]
INFO: [ app_begin ] --START--
INFO: Run Behavior\ReadHtmlCacheBehavior [ RunTime:0.002000s ]
INFO: [ app_begin ] --END-- [ RunTime:0.002000s ]
SQL: SHOW COLUMNS FROM `ct_lottery` [ RunTime:0.0380s ]
SQL: SHOW COLUMNS FROM `ct_awards` [ RunTime:0.0040s ]
SQL: SELECT aw.aw_id,aw.name,aw.percentage as scale,pz.pr_id,pz.prize,pz.percentage,pz.type,pz.amount,pz.remainder FROM `ct_awards` aw left join ct_prize pz on pz.aw_id = aw.aw_id  WHERE aw.status = 1 AND pz.status = 1 AND ( aw.start_time >= 1528101952 OR aw.start_time = 0 ) AND ( aw.end_time <= 1528101952 OR aw.end_time = 0 ) ORDER BY pz.create_time desc  [ RunTime:0.0030s ]
INFO: [ view_parse ] --START--
INFO: [ template_filter ] --START--
INFO: Run Behavior\ContentReplaceBehavior [ RunTime:0.000000s ]
INFO: [ template_filter ] --END-- [ RunTime:0.000000s ]
INFO: Run Behavior\ParseTemplateBehavior [ RunTime:0.018001s ]
INFO: [ view_parse ] --END-- [ RunTime:0.018001s ]
INFO: [ view_filter ] --START--
INFO: Run Behavior\WriteHtmlCacheBehavior [ RunTime:0.002000s ]
INFO: [ view_filter ] --END-- [ RunTime:0.002000s ]
INFO: [ app_end ] --START--
INFO: Run Behavior\ShowPageTraceBehavior [ RunTime:0.002000s ]
INFO: [ app_end ] --END-- [ RunTime:0.002000s ]

