[ 2018-05-31T10:33:15+08:00 ] 127.0.0.1 /zd_townsmen/
INFO: [ app_init ] --START--
INFO: Run Behavior\BuildLiteBehavior [ RunTime:0.000000s ]
INFO: [ app_init ] --END-- [ RunTime:0.072004s ]
INFO: [ app_begin ] --START--
INFO: Run Behavior\ReadHtmlCacheBehavior [ RunTime:0.034002s ]
INFO: [ app_begin ] --END-- [ RunTime:0.034002s ]
NOTIC: [8] Undefined variable: proArr D:\wamp64\www\zd_townsmen\Apps\Common\Common\function.php 第 104 行.

[ 2018-05-31T15:42:00+08:00 ] 127.0.0.1 /zd_townsmen/
INFO: [ app_init ] --START--
INFO: Run Behavior\BuildLiteBehavior [ RunTime:0.000000s ]
INFO: [ app_init ] --END-- [ RunTime:0.033002s ]
INFO: [ app_begin ] --START--
INFO: Run Behavior\ReadHtmlCacheBehavior [ RunTime:0.019001s ]
INFO: [ app_begin ] --END-- [ RunTime:0.019001s ]
SQL: SHOW COLUMNS FROM `ct_awards` [ RunTime:0.0950s ]
ERR: Think\Model:getLotteryData方法不存在！

[ 2018-05-31T17:16:18+08:00 ] 127.0.0.1 /zd_townsmen/
INFO: [ app_init ] --START--
INFO: Run Behavior\BuildLiteBehavior [ RunTime:0.000000s ]
INFO: [ app_init ] --END-- [ RunTime:0.020001s ]
INFO: [ app_begin ] --START--
INFO: Run Behavior\ReadHtmlCacheBehavior [ RunTime:0.002000s ]
INFO: [ app_begin ] --END-- [ RunTime:0.003000s ]
SQL: SHOW COLUMNS FROM `ct_lottery` [ RunTime:0.0390s ]
SQL: SHOW COLUMNS FROM `ct_awards` [ RunTime:0.0030s ]
ERR: Think\Model:fields方法不存在！

[ 2018-05-31T17:22:59+08:00 ] 127.0.0.1 /zd_townsmen/
INFO: [ app_init ] --START--
INFO: Run Behavior\BuildLiteBehavior [ RunTime:0.000000s ]
INFO: [ app_init ] --END-- [ RunTime:0.000000s ]
INFO: [ app_begin ] --START--
INFO: Run Behavior\ReadHtmlCacheBehavior [ RunTime:0.000000s ]
INFO: [ app_begin ] --END-- [ RunTime:0.002000s ]
SQL: SHOW COLUMNS FROM `ct_lottery` [ RunTime:0.0100s ]
SQL: SHOW COLUMNS FROM `ct_awards` [ RunTime:0.0020s ]
ERR: Think\Model:selec方法不存在！

[ 2018-05-31T17:23:06+08:00 ] 127.0.0.1 /zd_townsmen/
INFO: [ app_init ] --START--
INFO: Run Behavior\BuildLiteBehavior [ RunTime:0.000000s ]
INFO: [ app_init ] --END-- [ RunTime:0.000000s ]
INFO: [ app_begin ] --START--
INFO: Run Behavior\ReadHtmlCacheBehavior [ RunTime:0.001000s ]
INFO: [ app_begin ] --END-- [ RunTime:0.001000s ]
SQL: SHOW COLUMNS FROM `ct_lottery` [ RunTime:0.0040s ]
SQL: SHOW COLUMNS FROM `ct_awards` [ RunTime:0.0080s ]
SQL: SELECT aw.aw_id,aw.name,aw.percentage,pz.pr_id,pz.pricze,pz.percentage,pz.type FROM `ct_awards` aw left join ct_prize pz on pz.aw_id = aw.aw_id  WHERE aw.status = 1 AND pz.status = 1 AND ( aw.start_time >= 1527758586 OR aw.start_time <> 0 ) AND ( aw.end_time <= 1527758586 OR aw.end_time <> 0 ) AND pz.amount = 0 AND pz.remainder <> 0 ORDER BY pz.create_time desc  [ RunTime:0.0200s ]
ERR: Think\Model:sql方法不存在！

[ 2018-05-31T17:23:12+08:00 ] 127.0.0.1 /zd_townsmen/
INFO: [ app_init ] --START--
INFO: Run Behavior\BuildLiteBehavior [ RunTime:0.000000s ]
INFO: [ app_init ] --END-- [ RunTime:0.000000s ]
INFO: [ app_begin ] --START--
INFO: Run Behavior\ReadHtmlCacheBehavior [ RunTime:0.001000s ]
INFO: [ app_begin ] --END-- [ RunTime:0.001000s ]
SQL: SHOW COLUMNS FROM `ct_lottery` [ RunTime:0.0560s ]
SQL: SHOW COLUMNS FROM `ct_awards` [ RunTime:0.0170s ]
SQL: SELECT aw.aw_id,aw.name,aw.percentage,pz.pr_id,pz.pricze,pz.percentage,pz.type FROM `ct_awards` aw left join ct_prize pz on pz.aw_id = aw.aw_id  WHERE aw.status = 1 AND pz.status = 1 AND ( aw.start_time >= 1527758592 OR aw.start_time <> 0 ) AND ( aw.end_time <= 1527758592 OR aw.end_time <> 0 ) AND pz.amount = 0 AND pz.remainder <> 0 ORDER BY pz.create_time desc  [ RunTime:0.0060s ]

[ 2018-05-31T17:24:00+08:00 ] 127.0.0.1 /zd_townsmen/
INFO: [ app_init ] --START--
INFO: Run Behavior\BuildLiteBehavior [ RunTime:0.000000s ]
INFO: [ app_init ] --END-- [ RunTime:0.001000s ]
INFO: [ app_begin ] --START--
INFO: Run Behavior\ReadHtmlCacheBehavior [ RunTime:0.001000s ]
INFO: [ app_begin ] --END-- [ RunTime:0.001000s ]
SQL: SHOW COLUMNS FROM `ct_lottery` [ RunTime:0.0130s ]
SQL: SHOW COLUMNS FROM `ct_awards` [ RunTime:0.0090s ]
SQL: SELECT aw.aw_id,aw.name,aw.percentage,pz.pr_id,pz.pricze,pz.percentage,pz.type FROM `ct_awards` aw left join ct_prize pz on pz.aw_id = aw.aw_id  WHERE aw.status = 1 AND pz.status = 1 AND ( aw.start_time >= 1527758640 OR aw.start_time = 0 ) AND ( aw.end_time <= 1527758640 OR aw.end_time = 0 ) AND pz.amount = 0 AND pz.remainder <> 0 ORDER BY pz.create_time desc  [ RunTime:0.0010s ]

[ 2018-05-31T17:28:30+08:00 ] 127.0.0.1 /zd_townsmen/
INFO: [ app_init ] --START--
INFO: Run Behavior\BuildLiteBehavior [ RunTime:0.000000s ]
INFO: [ app_init ] --END-- [ RunTime:0.000000s ]
INFO: [ app_begin ] --START--
INFO: Run Behavior\ReadHtmlCacheBehavior [ RunTime:0.001000s ]
INFO: [ app_begin ] --END-- [ RunTime:0.001000s ]
SQL: SHOW COLUMNS FROM `ct_lottery` [ RunTime:0.0430s ]
SQL: SHOW COLUMNS FROM `ct_awards` [ RunTime:0.0010s ]
SQL: SELECT aw.aw_id,aw.name,aw.percentage,pz.pr_id,pz.pricze,pz.percentage,pz.type,pz.amount,pz.remainder FROM `ct_awards` aw left join ct_prize pz on pz.aw_id = aw.aw_id  WHERE aw.status = 1 AND pz.status = 1 AND ( aw.start_time >= 1527758910 OR aw.start_time = 0 ) AND ( aw.end_time <= 1527758910 OR aw.end_time = 0 ) ORDER BY pz.create_time desc  [ RunTime:0.0020s ]

[ 2018-05-31T17:45:11+08:00 ] 127.0.0.1 /zd_townsmen/
INFO: [ app_init ] --START--
INFO: Run Behavior\BuildLiteBehavior [ RunTime:0.000000s ]
INFO: [ app_init ] --END-- [ RunTime:0.000000s ]
INFO: [ app_begin ] --START--
INFO: Run Behavior\ReadHtmlCacheBehavior [ RunTime:0.001000s ]
INFO: [ app_begin ] --END-- [ RunTime:0.001000s ]
SQL: SHOW COLUMNS FROM `ct_lottery` [ RunTime:0.0230s ]
SQL: SHOW COLUMNS FROM `ct_awards` [ RunTime:0.0020s ]
SQL: SELECT aw.aw_id,aw.name,aw.percentage,pz.pr_id,pz.pricze,pz.percentage,pz.type,pz.amount,pz.remainder FROM `ct_awards` aw left join ct_prize pz on pz.aw_id = aw.aw_id  WHERE aw.status = 1 AND pz.status = 1 AND ( aw.start_time >= 1527759911 OR aw.start_time = 0 ) AND ( aw.end_time <= 1527759911 OR aw.end_time = 0 ) ORDER BY pz.create_time desc  [ RunTime:0.0100s ]

[ 2018-05-31T17:53:57+08:00 ] 127.0.0.1 /zd_townsmen/
INFO: [ app_init ] --START--
INFO: Run Behavior\BuildLiteBehavior [ RunTime:0.000000s ]
INFO: [ app_init ] --END-- [ RunTime:0.001000s ]
INFO: [ app_begin ] --START--
INFO: Run Behavior\ReadHtmlCacheBehavior [ RunTime:0.001000s ]
INFO: [ app_begin ] --END-- [ RunTime:0.001000s ]
SQL: SHOW COLUMNS FROM `ct_lottery` [ RunTime:0.0190s ]
SQL: SHOW COLUMNS FROM `ct_awards` [ RunTime:0.0020s ]
SQL: SELECT aw.aw_id,aw.name,aw.percentage as scale,pz.pr_id,pz.pricze,pz.percentage,pz.type,pz.amount,pz.remainder FROM `ct_awards` aw left join ct_prize pz on pz.aw_id = aw.aw_id  WHERE aw.status = 1 AND pz.status = 1 AND ( aw.start_time >= 1527760437 OR aw.start_time = 0 ) AND ( aw.end_time <= 1527760437 OR aw.end_time = 0 ) ORDER BY pz.create_time desc  [ RunTime:0.0010s ]
NOTIC: [8] Undefined index: $value D:\wamp64\www\zd_townsmen\Apps\Home\Event\LotteryEvent.class.php 第 22 行.
NOTIC: [8] Undefined index: $value D:\wamp64\www\zd_townsmen\Apps\Home\Event\LotteryEvent.class.php 第 22 行.
NOTIC: [8] Undefined index: $value D:\wamp64\www\zd_townsmen\Apps\Home\Event\LotteryEvent.class.php 第 22 行.
NOTIC: [8] Undefined index: $value D:\wamp64\www\zd_townsmen\Apps\Home\Event\LotteryEvent.class.php 第 22 行.
NOTIC: [8] Undefined index: $value D:\wamp64\www\zd_townsmen\Apps\Home\Event\LotteryEvent.class.php 第 22 行.
NOTIC: [8] Undefined index: $value D:\wamp64\www\zd_townsmen\Apps\Home\Event\LotteryEvent.class.php 第 22 行.
NOTIC: [8] Undefined index: $value D:\wamp64\www\zd_townsmen\Apps\Home\Event\LotteryEvent.class.php 第 22 行.
NOTIC: [8] Undefined index: $value D:\wamp64\www\zd_townsmen\Apps\Home\Event\LotteryEvent.class.php 第 22 行.
NOTIC: [8] Undefined index: $value D:\wamp64\www\zd_townsmen\Apps\Home\Event\LotteryEvent.class.php 第 22 行.
NOTIC: [8] Undefined index: $value D:\wamp64\www\zd_townsmen\Apps\Home\Event\LotteryEvent.class.php 第 22 行.
NOTIC: [8] Undefined index: $value D:\wamp64\www\zd_townsmen\Apps\Home\Event\LotteryEvent.class.php 第 22 行.
NOTIC: [8] Undefined index: $value D:\wamp64\www\zd_townsmen\Apps\Home\Event\LotteryEvent.class.php 第 22 行.
NOTIC: [8] Undefined index: $value D:\wamp64\www\zd_townsmen\Apps\Home\Event\LotteryEvent.class.php 第 22 行.
NOTIC: [8] Undefined index: $value D:\wamp64\www\zd_townsmen\Apps\Home\Event\LotteryEvent.class.php 第 22 行.
NOTIC: [8] Undefined index: $value D:\wamp64\www\zd_townsmen\Apps\Home\Event\LotteryEvent.class.php 第 22 行.
NOTIC: [8] Undefined index: $value D:\wamp64\www\zd_townsmen\Apps\Home\Event\LotteryEvent.class.php 第 22 行.
NOTIC: [8] Undefined index: $value D:\wamp64\www\zd_townsmen\Apps\Home\Event\LotteryEvent.class.php 第 22 行.

[ 2018-05-31T17:54:15+08:00 ] 127.0.0.1 /zd_townsmen/
INFO: [ app_init ] --START--
INFO: Run Behavior\BuildLiteBehavior [ RunTime:0.000000s ]
INFO: [ app_init ] --END-- [ RunTime:0.001000s ]
INFO: [ app_begin ] --START--
INFO: Run Behavior\ReadHtmlCacheBehavior [ RunTime:0.000000s ]
INFO: [ app_begin ] --END-- [ RunTime:0.000000s ]
SQL: SHOW COLUMNS FROM `ct_lottery` [ RunTime:0.0140s ]
SQL: SHOW COLUMNS FROM `ct_awards` [ RunTime:0.0020s ]
SQL: SELECT aw.aw_id,aw.name,aw.percentage as scale,pz.pr_id,pz.pricze,pz.percentage,pz.type,pz.amount,pz.remainder FROM `ct_awards` aw left join ct_prize pz on pz.aw_id = aw.aw_id  WHERE aw.status = 1 AND pz.status = 1 AND ( aw.start_time >= 1527760455 OR aw.start_time = 0 ) AND ( aw.end_time <= 1527760455 OR aw.end_time = 0 ) ORDER BY pz.create_time desc  [ RunTime:0.0280s ]
NOTIC: [8] Undefined index: $value D:\wamp64\www\zd_townsmen\Apps\Home\Event\LotteryEvent.class.php 第 22 行.
NOTIC: [8] Undefined index: $value D:\wamp64\www\zd_townsmen\Apps\Home\Event\LotteryEvent.class.php 第 22 行.
NOTIC: [8] Undefined index: $value D:\wamp64\www\zd_townsmen\Apps\Home\Event\LotteryEvent.class.php 第 22 行.
NOTIC: [8] Undefined index: $value D:\wamp64\www\zd_townsmen\Apps\Home\Event\LotteryEvent.class.php 第 22 行.
NOTIC: [8] Undefined index: $value D:\wamp64\www\zd_townsmen\Apps\Home\Event\LotteryEvent.class.php 第 22 行.
NOTIC: [8] Undefined index: $value D:\wamp64\www\zd_townsmen\Apps\Home\Event\LotteryEvent.class.php 第 22 行.
NOTIC: [8] Undefined index: $value D:\wamp64\www\zd_townsmen\Apps\Home\Event\LotteryEvent.class.php 第 22 行.
NOTIC: [8] Undefined index: $value D:\wamp64\www\zd_townsmen\Apps\Home\Event\LotteryEvent.class.php 第 22 行.
NOTIC: [8] Undefined index: $value D:\wamp64\www\zd_townsmen\Apps\Home\Event\LotteryEvent.class.php 第 22 行.
NOTIC: [8] Undefined index: $value D:\wamp64\www\zd_townsmen\Apps\Home\Event\LotteryEvent.class.php 第 22 行.
NOTIC: [8] Undefined index: $value D:\wamp64\www\zd_townsmen\Apps\Home\Event\LotteryEvent.class.php 第 22 行.
NOTIC: [8] Undefined index: $value D:\wamp64\www\zd_townsmen\Apps\Home\Event\LotteryEvent.class.php 第 22 行.
NOTIC: [8] Undefined index: $value D:\wamp64\www\zd_townsmen\Apps\Home\Event\LotteryEvent.class.php 第 22 行.
NOTIC: [8] Undefined index: $value D:\wamp64\www\zd_townsmen\Apps\Home\Event\LotteryEvent.class.php 第 22 行.
NOTIC: [8] Undefined index: $value D:\wamp64\www\zd_townsmen\Apps\Home\Event\LotteryEvent.class.php 第 22 行.
NOTIC: [8] Undefined index: $value D:\wamp64\www\zd_townsmen\Apps\Home\Event\LotteryEvent.class.php 第 22 行.
NOTIC: [8] Undefined index: $value D:\wamp64\www\zd_townsmen\Apps\Home\Event\LotteryEvent.class.php 第 22 行.

[ 2018-05-31T17:54:37+08:00 ] 127.0.0.1 /zd_townsmen/
INFO: [ app_init ] --START--
INFO: Run Behavior\BuildLiteBehavior [ RunTime:0.000000s ]
INFO: [ app_init ] --END-- [ RunTime:0.000000s ]
INFO: [ app_begin ] --START--
INFO: Run Behavior\ReadHtmlCacheBehavior [ RunTime:0.000000s ]
INFO: [ app_begin ] --END-- [ RunTime:0.001001s ]
SQL: SHOW COLUMNS FROM `ct_lottery` [ RunTime:0.0050s ]
SQL: SHOW COLUMNS FROM `ct_awards` [ RunTime:0.0020s ]
SQL: SELECT aw.aw_id,aw.name,aw.percentage as scale,pz.pr_id,pz.pricze,pz.percentage,pz.type,pz.amount,pz.remainder FROM `ct_awards` aw left join ct_prize pz on pz.aw_id = aw.aw_id  WHERE aw.status = 1 AND pz.status = 1 AND ( aw.start_time >= 1527760477 OR aw.start_time = 0 ) AND ( aw.end_time <= 1527760477 OR aw.end_time = 0 ) ORDER BY pz.create_time desc  [ RunTime:0.0010s ]
NOTIC: [8] Undefined index: $value D:\wamp64\www\zd_townsmen\Apps\Home\Event\LotteryEvent.class.php 第 23 行.
NOTIC: [8] Undefined index: $value D:\wamp64\www\zd_townsmen\Apps\Home\Event\LotteryEvent.class.php 第 23 行.
NOTIC: [8] Undefined index: $value D:\wamp64\www\zd_townsmen\Apps\Home\Event\LotteryEvent.class.php 第 23 行.
NOTIC: [8] Undefined index: $value D:\wamp64\www\zd_townsmen\Apps\Home\Event\LotteryEvent.class.php 第 23 行.
NOTIC: [8] Undefined index: $value D:\wamp64\www\zd_townsmen\Apps\Home\Event\LotteryEvent.class.php 第 23 行.
NOTIC: [8] Undefined index: $value D:\wamp64\www\zd_townsmen\Apps\Home\Event\LotteryEvent.class.php 第 23 行.
NOTIC: [8] Undefined index: $value D:\wamp64\www\zd_townsmen\Apps\Home\Event\LotteryEvent.class.php 第 23 行.
NOTIC: [8] Undefined index: $value D:\wamp64\www\zd_townsmen\Apps\Home\Event\LotteryEvent.class.php 第 23 行.
NOTIC: [8] Undefined index: $value D:\wamp64\www\zd_townsmen\Apps\Home\Event\LotteryEvent.class.php 第 23 行.
NOTIC: [8] Undefined index: $value D:\wamp64\www\zd_townsmen\Apps\Home\Event\LotteryEvent.class.php 第 23 行.
NOTIC: [8] Undefined index: $value D:\wamp64\www\zd_townsmen\Apps\Home\Event\LotteryEvent.class.php 第 23 行.
NOTIC: [8] Undefined index: $value D:\wamp64\www\zd_townsmen\Apps\Home\Event\LotteryEvent.class.php 第 23 行.
NOTIC: [8] Undefined index: $value D:\wamp64\www\zd_townsmen\Apps\Home\Event\LotteryEvent.class.php 第 23 行.
NOTIC: [8] Undefined index: $value D:\wamp64\www\zd_townsmen\Apps\Home\Event\LotteryEvent.class.php 第 23 行.
NOTIC: [8] Undefined index: $value D:\wamp64\www\zd_townsmen\Apps\Home\Event\LotteryEvent.class.php 第 23 行.
NOTIC: [8] Undefined index: $value D:\wamp64\www\zd_townsmen\Apps\Home\Event\LotteryEvent.class.php 第 23 行.
NOTIC: [8] Undefined index: $value D:\wamp64\www\zd_townsmen\Apps\Home\Event\LotteryEvent.class.php 第 23 行.

[ 2018-05-31T17:58:57+08:00 ] 127.0.0.1 /zd_townsmen/
INFO: [ app_init ] --START--
INFO: Run Behavior\BuildLiteBehavior [ RunTime:0.000000s ]
INFO: [ app_init ] --END-- [ RunTime:0.001000s ]
INFO: [ app_begin ] --START--
INFO: Run Behavior\ReadHtmlCacheBehavior [ RunTime:0.001000s ]
INFO: [ app_begin ] --END-- [ RunTime:0.001000s ]
SQL: SHOW COLUMNS FROM `ct_lottery` [ RunTime:0.0120s ]
SQL: SHOW COLUMNS FROM `ct_awards` [ RunTime:0.0010s ]
SQL: SELECT aw.aw_id,aw.name,aw.percentage as scale,pz.pr_id,pz.pricze,pz.percentage,pz.type,pz.amount,pz.remainder FROM `ct_awards` aw left join ct_prize pz on pz.aw_id = aw.aw_id  WHERE aw.status = 1 AND pz.status = 1 AND ( aw.start_time >= 1527760737 OR aw.start_time = 0 ) AND ( aw.end_time <= 1527760737 OR aw.end_time = 0 ) ORDER BY pz.create_time desc  [ RunTime:0.0020s ]

[ 2018-05-31T18:09:41+08:00 ] 127.0.0.1 /zd_townsmen/
INFO: [ app_init ] --START--
INFO: Run Behavior\BuildLiteBehavior [ RunTime:0.000000s ]
INFO: [ app_init ] --END-- [ RunTime:0.001000s ]
INFO: [ app_begin ] --START--
INFO: Run Behavior\ReadHtmlCacheBehavior [ RunTime:0.001000s ]
INFO: [ app_begin ] --END-- [ RunTime:0.001000s ]
SQL: SHOW COLUMNS FROM `ct_lottery` [ RunTime:0.0320s ]
SQL: SHOW COLUMNS FROM `ct_awards` [ RunTime:0.0040s ]
SQL: SELECT aw.aw_id,aw.name,aw.percentage as scale,pz.pr_id,pz.pricze,pz.percentage,pz.type,pz.amount,pz.remainder FROM `ct_awards` aw left join ct_prize pz on pz.aw_id = aw.aw_id  WHERE aw.status = 1 AND pz.status = 1 AND ( aw.start_time >= 1527761381 OR aw.start_time = 0 ) AND ( aw.end_time <= 1527761381 OR aw.end_time = 0 ) ORDER BY pz.create_time desc  [ RunTime:0.0030s ]
NOTIC: [8] Undefined variable: middle D:\wamp64\www\zd_townsmen\Apps\Home\Event\LotteryEvent.class.php 第 35 行.
NOTIC: [8] Undefined variable: middle D:\wamp64\www\zd_townsmen\Apps\Home\Event\LotteryEvent.class.php 第 35 行.
NOTIC: [8] Undefined variable: middle D:\wamp64\www\zd_townsmen\Apps\Home\Event\LotteryEvent.class.php 第 35 行.
NOTIC: [8] Undefined variable: middle D:\wamp64\www\zd_townsmen\Apps\Home\Event\LotteryEvent.class.php 第 35 行.
NOTIC: [8] Undefined variable: middle D:\wamp64\www\zd_townsmen\Apps\Home\Event\LotteryEvent.class.php 第 35 行.
NOTIC: [8] Undefined variable: middle D:\wamp64\www\zd_townsmen\Apps\Home\Event\LotteryEvent.class.php 第 35 行.

[ 2018-05-31T18:12:22+08:00 ] 127.0.0.1 /zd_townsmen/
INFO: [ app_init ] --START--
INFO: Run Behavior\BuildLiteBehavior [ RunTime:0.000000s ]
INFO: [ app_init ] --END-- [ RunTime:0.001001s ]
INFO: [ app_begin ] --START--
INFO: Run Behavior\ReadHtmlCacheBehavior [ RunTime:0.001000s ]
INFO: [ app_begin ] --END-- [ RunTime:0.001000s ]
SQL: SHOW COLUMNS FROM `ct_lottery` [ RunTime:0.0160s ]
SQL: SHOW COLUMNS FROM `ct_awards` [ RunTime:0.0020s ]
SQL: SELECT aw.aw_id,aw.name,aw.percentage as scale,pz.pr_id,pz.pricze,pz.percentage,pz.type,pz.amount,pz.remainder FROM `ct_awards` aw left join ct_prize pz on pz.aw_id = aw.aw_id  WHERE aw.status = 1 AND pz.status = 1 AND ( aw.start_time >= 1527761542 OR aw.start_time = 0 ) AND ( aw.end_time <= 1527761542 OR aw.end_time = 0 ) ORDER BY pz.create_time desc  [ RunTime:0.0200s ]

[ 2018-05-31T18:13:29+08:00 ] 127.0.0.1 /zd_townsmen/
INFO: [ app_init ] --START--
INFO: Run Behavior\BuildLiteBehavior [ RunTime:0.000000s ]
INFO: [ app_init ] --END-- [ RunTime:0.001000s ]
INFO: [ app_begin ] --START--
INFO: Run Behavior\ReadHtmlCacheBehavior [ RunTime:0.001000s ]
INFO: [ app_begin ] --END-- [ RunTime:0.001000s ]
SQL: SHOW COLUMNS FROM `ct_lottery` [ RunTime:0.0240s ]
SQL: SHOW COLUMNS FROM `ct_awards` [ RunTime:0.0130s ]
SQL: SELECT aw.aw_id,aw.name,aw.percentage as scale,pz.pr_id,pz.pricze,pz.percentage,pz.type,pz.amount,pz.remainder FROM `ct_awards` aw left join ct_prize pz on pz.aw_id = aw.aw_id  WHERE aw.status = 1 AND pz.status = 1 AND ( aw.start_time >= 1527761609 OR aw.start_time = 0 ) AND ( aw.end_time <= 1527761609 OR aw.end_time = 0 ) ORDER BY pz.create_time desc  [ RunTime:0.0020s ]

[ 2018-05-31T18:13:51+08:00 ] 127.0.0.1 /zd_townsmen/
INFO: [ app_init ] --START--
INFO: Run Behavior\BuildLiteBehavior [ RunTime:0.000000s ]
INFO: [ app_init ] --END-- [ RunTime:0.001000s ]
INFO: [ app_begin ] --START--
INFO: Run Behavior\ReadHtmlCacheBehavior [ RunTime:0.000000s ]
INFO: [ app_begin ] --END-- [ RunTime:0.001000s ]
SQL: SHOW COLUMNS FROM `ct_lottery` [ RunTime:0.0000s ]
SQL: SHOW COLUMNS FROM `ct_awards` [ RunTime:0.0010s ]
SQL: SELECT aw.aw_id,aw.name,aw.percentage as scale,pz.pr_id,pz.pricze,pz.percentage,pz.type,pz.amount,pz.remainder FROM `ct_awards` aw left join ct_prize pz on pz.aw_id = aw.aw_id  WHERE aw.status = 1 AND pz.status = 1 AND ( aw.start_time >= 1527761631 OR aw.start_time = 0 ) AND ( aw.end_time <= 1527761631 OR aw.end_time = 0 ) ORDER BY pz.create_time desc  [ RunTime:0.0020s ]
NOTIC: [8] Undefined index: prize D:\wamp64\www\zd_townsmen\Apps\Home\Event\LotteryEvent.class.php 第 31 行.
NOTIC: [8] Undefined index: prize D:\wamp64\www\zd_townsmen\Apps\Home\Event\LotteryEvent.class.php 第 31 行.
NOTIC: [8] Undefined index: prize D:\wamp64\www\zd_townsmen\Apps\Home\Event\LotteryEvent.class.php 第 31 行.
NOTIC: [8] Undefined index: prize D:\wamp64\www\zd_townsmen\Apps\Home\Event\LotteryEvent.class.php 第 31 行.
NOTIC: [8] Undefined index: prize D:\wamp64\www\zd_townsmen\Apps\Home\Event\LotteryEvent.class.php 第 31 行.
NOTIC: [8] Undefined index: prize D:\wamp64\www\zd_townsmen\Apps\Home\Event\LotteryEvent.class.php 第 31 行.
NOTIC: [8] Undefined index: prize D:\wamp64\www\zd_townsmen\Apps\Home\Event\LotteryEvent.class.php 第 31 行.
NOTIC: [8] Undefined index: prize D:\wamp64\www\zd_townsmen\Apps\Home\Event\LotteryEvent.class.php 第 31 行.
NOTIC: [8] Undefined index: prize D:\wamp64\www\zd_townsmen\Apps\Home\Event\LotteryEvent.class.php 第 31 行.
NOTIC: [8] Undefined index: prize D:\wamp64\www\zd_townsmen\Apps\Home\Event\LotteryEvent.class.php 第 31 行.
NOTIC: [8] Undefined index: prize D:\wamp64\www\zd_townsmen\Apps\Home\Event\LotteryEvent.class.php 第 31 行.
NOTIC: [8] Undefined index: prize D:\wamp64\www\zd_townsmen\Apps\Home\Event\LotteryEvent.class.php 第 31 行.
NOTIC: [8] Undefined index: prize D:\wamp64\www\zd_townsmen\Apps\Home\Event\LotteryEvent.class.php 第 31 行.
NOTIC: [8] Undefined index: prize D:\wamp64\www\zd_townsmen\Apps\Home\Event\LotteryEvent.class.php 第 31 行.
NOTIC: [8] Undefined index: prize D:\wamp64\www\zd_townsmen\Apps\Home\Event\LotteryEvent.class.php 第 31 行.
NOTIC: [8] Undefined index: prize D:\wamp64\www\zd_townsmen\Apps\Home\Event\LotteryEvent.class.php 第 31 行.
NOTIC: [8] Undefined index: prize D:\wamp64\www\zd_townsmen\Apps\Home\Event\LotteryEvent.class.php 第 31 行.

[ 2018-05-31T18:14:12+08:00 ] 127.0.0.1 /zd_townsmen/
INFO: [ app_init ] --START--
INFO: Run Behavior\BuildLiteBehavior [ RunTime:0.000000s ]
INFO: [ app_init ] --END-- [ RunTime:0.001000s ]
INFO: [ app_begin ] --START--
INFO: Run Behavior\ReadHtmlCacheBehavior [ RunTime:0.001000s ]
INFO: [ app_begin ] --END-- [ RunTime:0.001000s ]
SQL: SHOW COLUMNS FROM `ct_lottery` [ RunTime:0.0010s ]
SQL: SHOW COLUMNS FROM `ct_awards` [ RunTime:0.0010s ]
SQL: SELECT aw.aw_id,aw.name,aw.percentage as scale,pz.pr_id,pz.pricze,pz.percentage,pz.type,pz.amount,pz.remainder FROM `ct_awards` aw left join ct_prize pz on pz.aw_id = aw.aw_id  WHERE aw.status = 1 AND pz.status = 1 AND ( aw.start_time >= 1527761652 OR aw.start_time = 0 ) AND ( aw.end_time <= 1527761652 OR aw.end_time = 0 ) ORDER BY pz.create_time desc  [ RunTime:0.0020s ]

[ 2018-05-31T18:14:44+08:00 ] 127.0.0.1 /zd_townsmen/
INFO: [ app_init ] --START--
INFO: Run Behavior\BuildLiteBehavior [ RunTime:0.001000s ]
INFO: [ app_init ] --END-- [ RunTime:0.001000s ]
INFO: [ app_begin ] --START--
INFO: Run Behavior\ReadHtmlCacheBehavior [ RunTime:0.001000s ]
INFO: [ app_begin ] --END-- [ RunTime:0.001000s ]
SQL: SHOW COLUMNS FROM `ct_lottery` [ RunTime:0.0010s ]
SQL: SHOW COLUMNS FROM `ct_awards` [ RunTime:0.0010s ]
SQL: SELECT aw.aw_id,aw.name,aw.percentage as scale,pz.pr_id,pz.pricze,pz.percentage,pz.type,pz.amount,pz.remainder FROM `ct_awards` aw left join ct_prize pz on pz.aw_id = aw.aw_id  WHERE aw.status = 1 AND pz.status = 1 AND ( aw.start_time >= 1527761684 OR aw.start_time = 0 ) AND ( aw.end_time <= 1527761684 OR aw.end_time = 0 ) ORDER BY pz.create_time desc  [ RunTime:0.0010s ]

[ 2018-05-31T18:15:11+08:00 ] 127.0.0.1 /zd_townsmen/
INFO: [ app_init ] --START--
INFO: Run Behavior\BuildLiteBehavior [ RunTime:0.000000s ]
INFO: [ app_init ] --END-- [ RunTime:0.000000s ]
INFO: [ app_begin ] --START--
INFO: Run Behavior\ReadHtmlCacheBehavior [ RunTime:0.001000s ]
INFO: [ app_begin ] --END-- [ RunTime:0.001000s ]
SQL: SHOW COLUMNS FROM `ct_lottery` [ RunTime:0.0070s ]
SQL: SHOW COLUMNS FROM `ct_awards` [ RunTime:0.0010s ]
SQL: SELECT aw.aw_id,aw.name,aw.percentage as scale,pz.pr_id,pz.pricze,pz.percentage,pz.type,pz.amount,pz.remainder FROM `ct_awards` aw left join ct_prize pz on pz.aw_id = aw.aw_id  WHERE aw.status = 1 AND pz.status = 1 AND ( aw.start_time >= 1527761711 OR aw.start_time = 0 ) AND ( aw.end_time <= 1527761711 OR aw.end_time = 0 ) ORDER BY pz.create_time desc  [ RunTime:0.0020s ]

[ 2018-05-31T18:15:33+08:00 ] 127.0.0.1 /zd_townsmen/
INFO: [ app_init ] --START--
INFO: Run Behavior\BuildLiteBehavior [ RunTime:0.000000s ]
INFO: [ app_init ] --END-- [ RunTime:0.001000s ]
INFO: [ app_begin ] --START--
INFO: Run Behavior\ReadHtmlCacheBehavior [ RunTime:0.001000s ]
INFO: [ app_begin ] --END-- [ RunTime:0.001000s ]
SQL: SHOW COLUMNS FROM `ct_lottery` [ RunTime:0.0110s ]
SQL: SHOW COLUMNS FROM `ct_awards` [ RunTime:0.0270s ]
SQL: SELECT aw.aw_id,aw.name,aw.percentage as scale,pz.pr_id,pz.pricze,pz.percentage,pz.type,pz.amount,pz.remainder FROM `ct_awards` aw left join ct_prize pz on pz.aw_id = aw.aw_id  WHERE aw.status = 1 AND pz.status = 1 AND ( aw.start_time >= 1527761733 OR aw.start_time = 0 ) AND ( aw.end_time <= 1527761733 OR aw.end_time = 0 ) ORDER BY pz.create_time desc  [ RunTime:0.0010s ]

[ 2018-05-31T18:18:59+08:00 ] 127.0.0.1 /zd_townsmen/
INFO: [ app_init ] --START--
INFO: Run Behavior\BuildLiteBehavior [ RunTime:0.000000s ]
INFO: [ app_init ] --END-- [ RunTime:0.002000s ]
INFO: [ app_begin ] --START--
INFO: Run Behavior\ReadHtmlCacheBehavior [ RunTime:0.010001s ]
INFO: [ app_begin ] --END-- [ RunTime:0.010001s ]
SQL: SHOW COLUMNS FROM `ct_lottery` [ RunTime:0.0210s ]
SQL: SHOW COLUMNS FROM `ct_awards` [ RunTime:0.0010s ]
SQL: SELECT aw.aw_id,aw.name,aw.percentage as scale,pz.pr_id,pz.pricze,pz.percentage,pz.type,pz.amount,pz.remainder FROM `ct_awards` aw left join ct_prize pz on pz.aw_id = aw.aw_id  WHERE aw.status = 1 AND pz.status = 1 AND ( aw.start_time >= 1527761939 OR aw.start_time = 0 ) AND ( aw.end_time <= 1527761939 OR aw.end_time = 0 ) ORDER BY pz.create_time desc  [ RunTime:0.0080s ]

[ 2018-05-31T18:21:28+08:00 ] 127.0.0.1 /zd_townsmen/
INFO: [ app_init ] --START--
INFO: Run Behavior\BuildLiteBehavior [ RunTime:0.001000s ]
INFO: [ app_init ] --END-- [ RunTime:0.001000s ]
INFO: [ app_begin ] --START--
INFO: Run Behavior\ReadHtmlCacheBehavior [ RunTime:0.000000s ]
INFO: [ app_begin ] --END-- [ RunTime:0.001000s ]
SQL: SHOW COLUMNS FROM `ct_lottery` [ RunTime:0.0120s ]
SQL: SHOW COLUMNS FROM `ct_awards` [ RunTime:0.0010s ]
SQL: SELECT aw.aw_id,aw.name,aw.percentage as scale,pz.pr_id,pz.pricze,pz.percentage,pz.type,pz.amount,pz.remainder FROM `ct_awards` aw left join ct_prize pz on pz.aw_id = aw.aw_id  WHERE aw.status = 1 AND pz.status = 1 AND ( aw.start_time >= 1527762088 OR aw.start_time = 0 ) AND ( aw.end_time <= 1527762088 OR aw.end_time = 0 ) ORDER BY pz.create_time desc  [ RunTime:0.0000s ]

[ 2018-05-31T18:21:30+08:00 ] 127.0.0.1 /zd_townsmen/
INFO: [ app_init ] --START--
INFO: Run Behavior\BuildLiteBehavior [ RunTime:0.000000s ]
INFO: [ app_init ] --END-- [ RunTime:0.001000s ]
INFO: [ app_begin ] --START--
INFO: Run Behavior\ReadHtmlCacheBehavior [ RunTime:0.001000s ]
INFO: [ app_begin ] --END-- [ RunTime:0.001000s ]
SQL: SHOW COLUMNS FROM `ct_lottery` [ RunTime:0.0010s ]
SQL: SHOW COLUMNS FROM `ct_awards` [ RunTime:0.0010s ]
SQL: SELECT aw.aw_id,aw.name,aw.percentage as scale,pz.pr_id,pz.pricze,pz.percentage,pz.type,pz.amount,pz.remainder FROM `ct_awards` aw left join ct_prize pz on pz.aw_id = aw.aw_id  WHERE aw.status = 1 AND pz.status = 1 AND ( aw.start_time >= 1527762090 OR aw.start_time = 0 ) AND ( aw.end_time <= 1527762090 OR aw.end_time = 0 ) ORDER BY pz.create_time desc  [ RunTime:0.0000s ]

[ 2018-05-31T18:21:31+08:00 ] 127.0.0.1 /zd_townsmen/
INFO: [ app_init ] --START--
INFO: Run Behavior\BuildLiteBehavior [ RunTime:0.000000s ]
INFO: [ app_init ] --END-- [ RunTime:0.001000s ]
INFO: [ app_begin ] --START--
INFO: Run Behavior\ReadHtmlCacheBehavior [ RunTime:0.001000s ]
INFO: [ app_begin ] --END-- [ RunTime:0.001000s ]
SQL: SHOW COLUMNS FROM `ct_lottery` [ RunTime:0.0090s ]
SQL: SHOW COLUMNS FROM `ct_awards` [ RunTime:0.0010s ]
SQL: SELECT aw.aw_id,aw.name,aw.percentage as scale,pz.pr_id,pz.pricze,pz.percentage,pz.type,pz.amount,pz.remainder FROM `ct_awards` aw left join ct_prize pz on pz.aw_id = aw.aw_id  WHERE aw.status = 1 AND pz.status = 1 AND ( aw.start_time >= 1527762091 OR aw.start_time = 0 ) AND ( aw.end_time <= 1527762091 OR aw.end_time = 0 ) ORDER BY pz.create_time desc  [ RunTime:0.0130s ]

[ 2018-05-31T18:21:53+08:00 ] 127.0.0.1 /zd_townsmen/
INFO: [ app_init ] --START--
INFO: Run Behavior\BuildLiteBehavior [ RunTime:0.000000s ]
INFO: [ app_init ] --END-- [ RunTime:0.000000s ]
INFO: [ app_begin ] --START--
INFO: Run Behavior\ReadHtmlCacheBehavior [ RunTime:0.001000s ]
INFO: [ app_begin ] --END-- [ RunTime:0.001000s ]
SQL: SHOW COLUMNS FROM `ct_lottery` [ RunTime:0.0010s ]
SQL: SHOW COLUMNS FROM `ct_awards` [ RunTime:0.0010s ]
SQL: SELECT aw.aw_id,aw.name,aw.percentage as scale,pz.pr_id,pz.pricze,pz.percentage,pz.type,pz.amount,pz.remainder FROM `ct_awards` aw left join ct_prize pz on pz.aw_id = aw.aw_id  WHERE aw.status = 1 AND pz.status = 1 AND ( aw.start_time >= 1527762113 OR aw.start_time = 0 ) AND ( aw.end_time <= 1527762113 OR aw.end_time = 0 ) ORDER BY pz.create_time desc  [ RunTime:0.0010s ]

