[ 2018-05-28T10:11:53+08:00 ] 127.0.0.1 /zd_townsmen/index.php/Admin/Index/index.html
INFO: [ app_init ] --START--
INFO: Run Behavior\BuildLiteBehavior [ RunTime:0.000000s ]
INFO: [ app_init ] --END-- [ RunTime:0.003001s ]
INFO: [ app_begin ] --START--
INFO: Run Behavior\ReadHtmlCacheBehavior [ RunTime:0.000000s ]
INFO: [ app_begin ] --END-- [ RunTime:0.001000s ]
INFO: [ action_begin ] --START--
SQL: SHOW COLUMNS FROM `ct_admin_auth_rule` [ RunTime:0.0210s ]
SQL: SELECT * FROM `ct_admin_auth_rule` WHERE `menu_name` = 'Index/index' AND `status` = 1 LIMIT 1   [ RunTime:0.0010s ]
INFO: Run Admin\Behaviors\OptionRecordBehavior [ RunTime:0.178010s ]
INFO: [ action_begin ] --END-- [ RunTime:0.178010s ]

[ 2018-05-28T10:11:53+08:00 ] 127.0.0.1 /zd_townsmen/index.php/Admin/Login/login.html
INFO: [ app_init ] --START--
INFO: Run Behavior\BuildLiteBehavior [ RunTime:0.000000s ]
INFO: [ app_init ] --END-- [ RunTime:0.001000s ]
INFO: [ app_begin ] --START--
INFO: Run Behavior\ReadHtmlCacheBehavior [ RunTime:0.001000s ]
INFO: [ app_begin ] --END-- [ RunTime:0.001000s ]
INFO: [ action_begin ] --START--
SQL: SHOW COLUMNS FROM `ct_admin_auth_rule` [ RunTime:0.0020s ]
SQL: SELECT * FROM `ct_admin_auth_rule` WHERE `menu_name` = 'Login/login' AND `status` = 1 LIMIT 1   [ RunTime:0.0010s ]
INFO: Run Admin\Behaviors\OptionRecordBehavior [ RunTime:0.036002s ]
INFO: [ action_begin ] --END-- [ RunTime:0.036002s ]
INFO: [ view_parse ] --START--
INFO: [ template_filter ] --START--
INFO: Run Behavior\ContentReplaceBehavior [ RunTime:0.066003s ]
INFO: [ template_filter ] --END-- [ RunTime:0.068003s ]
INFO: Run Behavior\ParseTemplateBehavior [ RunTime:0.330019s ]
INFO: [ view_parse ] --END-- [ RunTime:0.330019s ]
INFO: [ view_filter ] --START--
INFO: Run Behavior\WriteHtmlCacheBehavior [ RunTime:0.004000s ]
INFO: [ view_filter ] --END-- [ RunTime:0.004000s ]
INFO: [ app_end ] --START--
INFO: Run Behavior\ShowPageTraceBehavior [ RunTime:0.020001s ]
INFO: [ app_end ] --END-- [ RunTime:0.020001s ]

[ 2018-05-28T10:11:54+08:00 ] 127.0.0.1 /zd_townsmen/index.php/Admin/Login/verify.html
INFO: [ app_init ] --START--
INFO: Run Behavior\BuildLiteBehavior [ RunTime:0.000000s ]
INFO: [ app_init ] --END-- [ RunTime:0.001000s ]
INFO: [ app_begin ] --START--
INFO: Run Behavior\ReadHtmlCacheBehavior [ RunTime:0.001000s ]
INFO: [ app_begin ] --END-- [ RunTime:0.001000s ]
INFO: [ action_begin ] --START--
SQL: SHOW COLUMNS FROM `ct_admin_auth_rule` [ RunTime:0.0020s ]
SQL: SELECT * FROM `ct_admin_auth_rule` WHERE `menu_name` = 'Login/verify' AND `status` = 1 LIMIT 1   [ RunTime:0.0000s ]
INFO: Run Admin\Behaviors\OptionRecordBehavior [ RunTime:0.013001s ]
INFO: [ action_begin ] --END-- [ RunTime:0.014001s ]
INFO: [ app_end ] --START--
INFO: Run Behavior\ShowPageTraceBehavior [ RunTime:0.002000s ]
INFO: [ app_end ] --END-- [ RunTime:0.002000s ]

[ 2018-05-28T10:11:55+08:00 ] 127.0.0.1 /zd_townsmen/index.php/Admin/Index/index.html
INFO: [ app_init ] --START--
INFO: Run Behavior\BuildLiteBehavior [ RunTime:0.000000s ]
INFO: [ app_init ] --END-- [ RunTime:0.001000s ]
INFO: [ app_begin ] --START--
INFO: Run Behavior\ReadHtmlCacheBehavior [ RunTime:0.000000s ]
INFO: [ app_begin ] --END-- [ RunTime:0.001000s ]
INFO: [ action_begin ] --START--
SQL: SHOW COLUMNS FROM `ct_admin_auth_rule` [ RunTime:0.0010s ]
SQL: SELECT * FROM `ct_admin_auth_rule` WHERE `menu_name` = 'Index/index' AND `status` = 1 LIMIT 1   [ RunTime:0.0020s ]
INFO: Run Admin\Behaviors\OptionRecordBehavior [ RunTime:0.024001s ]
INFO: [ action_begin ] --END-- [ RunTime:0.024001s ]

[ 2018-05-28T10:11:55+08:00 ] 127.0.0.1 /zd_townsmen/index.php/Admin/Login/verify.html
INFO: [ app_init ] --START--
INFO: Run Behavior\BuildLiteBehavior [ RunTime:0.000000s ]
INFO: [ app_init ] --END-- [ RunTime:0.001000s ]
INFO: [ app_begin ] --START--
INFO: Run Behavior\ReadHtmlCacheBehavior [ RunTime:0.000000s ]
INFO: [ app_begin ] --END-- [ RunTime:0.001000s ]
INFO: [ action_begin ] --START--
SQL: SHOW COLUMNS FROM `ct_admin_auth_rule` [ RunTime:0.0010s ]
SQL: SELECT * FROM `ct_admin_auth_rule` WHERE `menu_name` = 'Login/verify' AND `status` = 1 LIMIT 1   [ RunTime:0.0000s ]
INFO: Run Admin\Behaviors\OptionRecordBehavior [ RunTime:0.012001s ]
INFO: [ action_begin ] --END-- [ RunTime:0.012001s ]
INFO: [ app_end ] --START--
INFO: Run Behavior\ShowPageTraceBehavior [ RunTime:0.001000s ]
INFO: [ app_end ] --END-- [ RunTime:0.001000s ]

[ 2018-05-28T10:12:01+08:00 ] 127.0.0.1 /zd_townsmen/index.php/Admin/Login/doLogin.html
INFO: [ app_init ] --START--
INFO: Run Behavior\BuildLiteBehavior [ RunTime:0.000000s ]
INFO: [ app_init ] --END-- [ RunTime:0.001000s ]
INFO: [ app_begin ] --START--
INFO: Run Behavior\ReadHtmlCacheBehavior [ RunTime:0.001000s ]
INFO: [ app_begin ] --END-- [ RunTime:0.001000s ]
INFO: [ action_begin ] --START--
SQL: SHOW COLUMNS FROM `ct_admin_auth_rule` [ RunTime:0.0010s ]
SQL: SELECT * FROM `ct_admin_auth_rule` WHERE `menu_name` = 'Login/doLogin' AND `status` = 1 LIMIT 1   [ RunTime:0.0000s ]
INFO: Run Admin\Behaviors\OptionRecordBehavior [ RunTime:0.015001s ]
INFO: [ action_begin ] --END-- [ RunTime:0.015001s ]
SQL: SHOW COLUMNS FROM `ct_admin_user` [ RunTime:0.0320s ]
SQL: SELECT * FROM `ct_admin_user` WHERE `user_name` = 'admin' AND `password` = '4469f392f253cf7ddb737daaf5dbffae' AND `status` = 1 LIMIT 1   [ RunTime:0.0010s ]
SQL: UPDATE `ct_admin_user` SET `lastlogin_time`='1527473521' WHERE `id` = 12 [ RunTime:0.0900s ]

[ 2018-05-28T10:12:01+08:00 ] 127.0.0.1 /zd_townsmen/index.php/Admin/Index/index.html
INFO: [ app_init ] --START--
INFO: Run Behavior\BuildLiteBehavior [ RunTime:0.000000s ]
INFO: [ app_init ] --END-- [ RunTime:0.001000s ]
INFO: [ app_begin ] --START--
INFO: Run Behavior\ReadHtmlCacheBehavior [ RunTime:0.001000s ]
INFO: [ app_begin ] --END-- [ RunTime:0.001000s ]
INFO: [ action_begin ] --START--
SQL: SHOW COLUMNS FROM `ct_admin_auth_rule` [ RunTime:0.0010s ]
SQL: SELECT * FROM `ct_admin_auth_rule` WHERE `menu_name` = 'Index/index' AND `status` = 1 LIMIT 1   [ RunTime:0.0000s ]
INFO: Run Admin\Behaviors\OptionRecordBehavior [ RunTime:0.014001s ]
INFO: [ action_begin ] --END-- [ RunTime:0.014001s ]
SQL: SHOW COLUMNS FROM `ct_admin_auth_group_access` [ RunTime:0.0090s ]
SQL: SELECT b.rules FROM ct_admin_auth_group_access a LEFT JOIN ct_admin_auth_group b ON b.id=a.group_id  WHERE a.uid = '12'  [ RunTime:0.0100s ]
SQL: SHOW COLUMNS FROM `ct_admin_auth_rule` [ RunTime:0.0010s ]
SQL: SELECT * FROM `ct_admin_auth_rule` WHERE `id` IN ('2','19','3','4','7','8','9','10','5','11','12','13','14','6','15','16','17','18','20','21','22','26','23','27','24','28','29','25','30','31','32') AND `is_menu` = 1 AND `status` = 1  [ RunTime:0.0010s ]
INFO: [ view_parse ] --START--
INFO: [ template_filter ] --START--
INFO: Run Behavior\ContentReplaceBehavior [ RunTime:0.000000s ]
INFO: [ template_filter ] --END-- [ RunTime:0.001000s ]
INFO: Run Behavior\ParseTemplateBehavior [ RunTime:0.065004s ]
INFO: [ view_parse ] --END-- [ RunTime:0.065004s ]
INFO: [ view_filter ] --START--
INFO: Run Behavior\WriteHtmlCacheBehavior [ RunTime:0.002000s ]
INFO: [ view_filter ] --END-- [ RunTime:0.002000s ]
INFO: [ app_end ] --START--
INFO: Run Behavior\ShowPageTraceBehavior [ RunTime:0.002000s ]
INFO: [ app_end ] --END-- [ RunTime:0.002000s ]

[ 2018-05-28T10:12:01+08:00 ] 127.0.0.1 /zd_townsmen/index.php/Admin/Index/main.html
INFO: [ app_init ] --START--
INFO: Run Behavior\BuildLiteBehavior [ RunTime:0.000000s ]
INFO: [ app_init ] --END-- [ RunTime:0.001000s ]
INFO: [ app_begin ] --START--
INFO: Run Behavior\ReadHtmlCacheBehavior [ RunTime:0.001000s ]
INFO: [ app_begin ] --END-- [ RunTime:0.001000s ]
INFO: [ action_begin ] --START--
SQL: SHOW COLUMNS FROM `ct_admin_auth_rule` [ RunTime:0.0020s ]
SQL: SELECT * FROM `ct_admin_auth_rule` WHERE `menu_name` = 'Index/main' AND `status` = 1 LIMIT 1   [ RunTime:0.0010s ]
INFO: Run Admin\Behaviors\OptionRecordBehavior [ RunTime:0.029002s ]
INFO: [ action_begin ] --END-- [ RunTime:0.029002s ]
INFO: [ view_parse ] --START--
INFO: [ template_filter ] --START--
INFO: Run Behavior\ContentReplaceBehavior [ RunTime:0.001000s ]
INFO: [ template_filter ] --END-- [ RunTime:0.001000s ]
INFO: Run Behavior\ParseTemplateBehavior [ RunTime:0.030002s ]
INFO: [ view_parse ] --END-- [ RunTime:0.033002s ]
INFO: [ view_filter ] --START--
INFO: Run Behavior\WriteHtmlCacheBehavior [ RunTime:0.001000s ]
INFO: [ view_filter ] --END-- [ RunTime:0.001000s ]
INFO: [ app_end ] --START--
INFO: Run Behavior\ShowPageTraceBehavior [ RunTime:0.002000s ]
INFO: [ app_end ] --END-- [ RunTime:0.002000s ]

[ 2018-05-28T10:12:05+08:00 ] 127.0.0.1 /zd_townsmen/index.php/Admin/Menu/index.html
INFO: [ app_init ] --START--
INFO: Run Behavior\BuildLiteBehavior [ RunTime:0.000000s ]
INFO: [ app_init ] --END-- [ RunTime:0.001000s ]
INFO: [ app_begin ] --START--
INFO: Run Behavior\ReadHtmlCacheBehavior [ RunTime:0.001000s ]
INFO: [ app_begin ] --END-- [ RunTime:0.001000s ]
INFO: [ action_begin ] --START--
SQL: SHOW COLUMNS FROM `ct_admin_auth_rule` [ RunTime:0.0020s ]
SQL: SELECT * FROM `ct_admin_auth_rule` WHERE `menu_name` = 'Menu/index' AND `status` = 1 LIMIT 1   [ RunTime:0.0010s ]
INFO: Run Admin\Behaviors\OptionRecordBehavior [ RunTime:0.017001s ]
INFO: [ action_begin ] --END-- [ RunTime:0.017001s ]
SQL: SHOW COLUMNS FROM `ct_admin_auth_group_access` [ RunTime:0.0010s ]
SQL: SELECT `uid`,`group_id`,`title`,`rules` FROM ct_admin_auth_group_access a INNER JOIN ct_admin_auth_group g on a.group_id=g.id  WHERE ( a.uid='12' and g.status='1' )  [ RunTime:0.0010s ]
SQL: SHOW COLUMNS FROM `ct_admin_auth_rule` [ RunTime:0.0010s ]
SQL: SELECT `menu_name` FROM `ct_admin_auth_rule` WHERE `id` IN ('2','19','3','4','7','8','9','10','5','11','12','13','14','6','15','16','17','18','20','21','22','26','23','27','24','28','29','25','30','31','32') AND `type` = 1 AND `status` = 1  [ RunTime:0.0010s ]
SQL: SELECT * FROM `ct_admin_auth_rule` WHERE `status` = 1 AND `is_menu` = 1  [ RunTime:0.0000s ]
INFO: [ view_parse ] --START--
INFO: [ template_filter ] --START--
INFO: Run Behavior\ContentReplaceBehavior [ RunTime:0.001000s ]
INFO: [ template_filter ] --END-- [ RunTime:0.001000s ]
NOTIC: [8] Undefined offset: 1 D:\wamp64\www\zd_townsmen\Apps\Runtime\Cache\Admin\db3da01c8f36ad38f6ba709720b2de06.php 第 39 行.
NOTIC: [8] Undefined offset: 1 D:\wamp64\www\zd_townsmen\Apps\Runtime\Cache\Admin\db3da01c8f36ad38f6ba709720b2de06.php 第 39 行.
NOTIC: [8] Undefined offset: 1 D:\wamp64\www\zd_townsmen\Apps\Runtime\Cache\Admin\db3da01c8f36ad38f6ba709720b2de06.php 第 39 行.
NOTIC: [8] Undefined offset: 1 D:\wamp64\www\zd_townsmen\Apps\Runtime\Cache\Admin\db3da01c8f36ad38f6ba709720b2de06.php 第 39 行.
NOTIC: [8] Undefined offset: 1 D:\wamp64\www\zd_townsmen\Apps\Runtime\Cache\Admin\db3da01c8f36ad38f6ba709720b2de06.php 第 39 行.
NOTIC: [8] Undefined offset: 1 D:\wamp64\www\zd_townsmen\Apps\Runtime\Cache\Admin\db3da01c8f36ad38f6ba709720b2de06.php 第 39 行.
NOTIC: [8] Undefined offset: 1 D:\wamp64\www\zd_townsmen\Apps\Runtime\Cache\Admin\db3da01c8f36ad38f6ba709720b2de06.php 第 39 行.
NOTIC: [8] Undefined offset: 1 D:\wamp64\www\zd_townsmen\Apps\Runtime\Cache\Admin\db3da01c8f36ad38f6ba709720b2de06.php 第 39 行.
NOTIC: [8] Undefined variable: page D:\wamp64\www\zd_townsmen\Apps\Runtime\Cache\Admin\db3da01c8f36ad38f6ba709720b2de06.php 第 58 行.
INFO: Run Behavior\ParseTemplateBehavior [ RunTime:0.064004s ]
INFO: [ view_parse ] --END-- [ RunTime:0.064004s ]
INFO: [ view_filter ] --START--
INFO: Run Behavior\WriteHtmlCacheBehavior [ RunTime:0.001000s ]
INFO: [ view_filter ] --END-- [ RunTime:0.001000s ]
INFO: [ app_end ] --START--
INFO: Run Behavior\ShowPageTraceBehavior [ RunTime:0.001000s ]
INFO: [ app_end ] --END-- [ RunTime:0.001000s ]

