[ 2018-06-08T09:43:59+08:00 ] 127.0.0.1 /zd_townsmen/index.php/Admin/Index/index.html
INFO: [ app_init ] --START--
INFO: Run Behavior\BuildLiteBehavior [ RunTime:0.000000s ]
INFO: [ app_init ] --END-- [ RunTime:0.001000s ]
INFO: [ app_begin ] --START--
INFO: Run Behavior\ReadHtmlCacheBehavior [ RunTime:0.001000s ]
INFO: [ app_begin ] --END-- [ RunTime:0.001000s ]
INFO: [ action_begin ] --START--
SQL: SHOW COLUMNS FROM `ct_admin_auth_rule` [ RunTime:0.0320s ]
SQL: SELECT * FROM `ct_admin_auth_rule` WHERE `menu_name` = 'Index/index' AND `status` = 1 LIMIT 1   [ RunTime:0.0270s ]
INFO: Run Admin\Behaviors\OptionRecordBehavior [ RunTime:1.058060s ]
INFO: [ action_begin ] --END-- [ RunTime:1.058060s ]

[ 2018-06-08T09:44:00+08:00 ] 127.0.0.1 /zd_townsmen/index.php/Admin/Login/login.html
INFO: [ app_init ] --START--
INFO: Run Behavior\BuildLiteBehavior [ RunTime:0.000000s ]
INFO: [ app_init ] --END-- [ RunTime:0.001000s ]
INFO: [ app_begin ] --START--
INFO: Run Behavior\ReadHtmlCacheBehavior [ RunTime:0.001000s ]
INFO: [ app_begin ] --END-- [ RunTime:0.001000s ]
INFO: [ action_begin ] --START--
SQL: SHOW COLUMNS FROM `ct_admin_auth_rule` [ RunTime:0.0020s ]
SQL: SELECT * FROM `ct_admin_auth_rule` WHERE `menu_name` = 'Login/login' AND `status` = 1 LIMIT 1   [ RunTime:0.0010s ]
INFO: Run Admin\Behaviors\OptionRecordBehavior [ RunTime:0.036002s ]
INFO: [ action_begin ] --END-- [ RunTime:0.036002s ]
INFO: [ view_parse ] --START--
INFO: [ template_filter ] --START--
INFO: Run Behavior\ContentReplaceBehavior [ RunTime:0.000000s ]
INFO: [ template_filter ] --END-- [ RunTime:0.001000s ]
INFO: Run Behavior\ParseTemplateBehavior [ RunTime:0.058003s ]
INFO: [ view_parse ] --END-- [ RunTime:0.060003s ]
INFO: [ view_filter ] --START--
INFO: Run Behavior\WriteHtmlCacheBehavior [ RunTime:0.001000s ]
INFO: [ view_filter ] --END-- [ RunTime:0.001000s ]
INFO: [ app_end ] --START--
INFO: Run Behavior\ShowPageTraceBehavior [ RunTime:0.001000s ]
INFO: [ app_end ] --END-- [ RunTime:0.002000s ]

[ 2018-06-08T10:51:49+08:00 ] 127.0.0.1 /zd_townsmen/index.php/Admin/Index/index.html
INFO: [ app_init ] --START--
INFO: Run Behavior\BuildLiteBehavior [ RunTime:0.000000s ]
INFO: [ app_init ] --END-- [ RunTime:0.005000s ]
INFO: [ app_begin ] --START--
INFO: Run Behavior\ReadHtmlCacheBehavior [ RunTime:0.001000s ]
INFO: [ app_begin ] --END-- [ RunTime:0.001000s ]
INFO: [ action_begin ] --START--
SQL: SHOW COLUMNS FROM `ct_admin_auth_rule` [ RunTime:0.0020s ]
SQL: SELECT * FROM `ct_admin_auth_rule` WHERE `menu_name` = 'Index/index' AND `status` = 1 LIMIT 1   [ RunTime:0.0010s ]
INFO: Run Admin\Behaviors\OptionRecordBehavior [ RunTime:0.085005s ]
INFO: [ action_begin ] --END-- [ RunTime:0.085005s ]

[ 2018-06-08T10:51:49+08:00 ] 127.0.0.1 /zd_townsmen/index.php/Admin/Login/login.html
INFO: [ app_init ] --START--
INFO: Run Behavior\BuildLiteBehavior [ RunTime:0.000000s ]
INFO: [ app_init ] --END-- [ RunTime:0.000000s ]
INFO: [ app_begin ] --START--
INFO: Run Behavior\ReadHtmlCacheBehavior [ RunTime:0.001000s ]
INFO: [ app_begin ] --END-- [ RunTime:0.001000s ]
INFO: [ action_begin ] --START--
SQL: SHOW COLUMNS FROM `ct_admin_auth_rule` [ RunTime:0.0620s ]
SQL: SELECT * FROM `ct_admin_auth_rule` WHERE `menu_name` = 'Login/login' AND `status` = 1 LIMIT 1   [ RunTime:0.0000s ]
INFO: Run Admin\Behaviors\OptionRecordBehavior [ RunTime:0.075004s ]
INFO: [ action_begin ] --END-- [ RunTime:0.075004s ]
INFO: [ view_parse ] --START--
INFO: [ template_filter ] --START--
INFO: Run Behavior\ContentReplaceBehavior [ RunTime:0.000000s ]
INFO: [ template_filter ] --END-- [ RunTime:0.001000s ]
INFO: Run Behavior\ParseTemplateBehavior [ RunTime:0.064003s ]
INFO: [ view_parse ] --END-- [ RunTime:0.064003s ]
INFO: [ view_filter ] --START--
INFO: Run Behavior\WriteHtmlCacheBehavior [ RunTime:0.001000s ]
INFO: [ view_filter ] --END-- [ RunTime:0.002000s ]
INFO: [ app_end ] --START--
INFO: Run Behavior\ShowPageTraceBehavior [ RunTime:0.001000s ]
INFO: [ app_end ] --END-- [ RunTime:0.001000s ]

