[ 2018-05-29T17:15:54+08:00 ] 127.0.0.1 /zd_townsmen/index.php/Admin/Index/index.html
INFO: [ app_init ] --START--
INFO: Run Behavior\BuildLiteBehavior [ RunTime:0.000000s ]
INFO: [ app_init ] --END-- [ RunTime:0.005001s ]
INFO: [ app_begin ] --START--
INFO: Run Behavior\ReadHtmlCacheBehavior [ RunTime:0.002000s ]
INFO: [ app_begin ] --END-- [ RunTime:0.002000s ]
INFO: [ action_begin ] --START--
SQL: SHOW COLUMNS FROM `ct_admin_auth_rule` [ RunTime:0.2130s ]
SQL: SELECT * FROM `ct_admin_auth_rule` WHERE `menu_name` = 'Index/index' AND `status` = 1 LIMIT 1   [ RunTime:0.1400s ]
INFO: Run Admin\Behaviors\OptionRecordBehavior [ RunTime:1.421081s ]
INFO: [ action_begin ] --END-- [ RunTime:1.421081s ]

[ 2018-05-29T17:15:55+08:00 ] 127.0.0.1 /zd_townsmen/index.php/Admin/Login/login.html
INFO: [ app_init ] --START--
INFO: Run Behavior\BuildLiteBehavior [ RunTime:0.001000s ]
INFO: [ app_init ] --END-- [ RunTime:0.001000s ]
INFO: [ app_begin ] --START--
INFO: Run Behavior\ReadHtmlCacheBehavior [ RunTime:0.001000s ]
INFO: [ app_begin ] --END-- [ RunTime:0.001000s ]
INFO: [ action_begin ] --START--
SQL: SHOW COLUMNS FROM `ct_admin_auth_rule` [ RunTime:0.0140s ]
SQL: SELECT * FROM `ct_admin_auth_rule` WHERE `menu_name` = 'Login/login' AND `status` = 1 LIMIT 1   [ RunTime:0.0010s ]
INFO: Run Admin\Behaviors\OptionRecordBehavior [ RunTime:0.039003s ]
INFO: [ action_begin ] --END-- [ RunTime:0.040003s ]
INFO: [ view_parse ] --START--
INFO: [ template_filter ] --START--
INFO: Run Behavior\ContentReplaceBehavior [ RunTime:0.064004s ]
INFO: [ template_filter ] --END-- [ RunTime:0.065004s ]
INFO: Run Behavior\ParseTemplateBehavior [ RunTime:0.194011s ]
INFO: [ view_parse ] --END-- [ RunTime:0.194011s ]
INFO: [ view_filter ] --START--
INFO: Run Behavior\WriteHtmlCacheBehavior [ RunTime:0.024001s ]
INFO: [ view_filter ] --END-- [ RunTime:0.024001s ]
INFO: [ app_end ] --START--
INFO: Run Behavior\ShowPageTraceBehavior [ RunTime:0.028002s ]
INFO: [ app_end ] --END-- [ RunTime:0.028002s ]

[ 2018-05-29T17:15:55+08:00 ] 127.0.0.1 /zd_townsmen/index.php/Admin/Login/verify.html
INFO: [ app_init ] --START--
INFO: Run Behavior\BuildLiteBehavior [ RunTime:0.000000s ]
INFO: [ app_init ] --END-- [ RunTime:0.001000s ]
INFO: [ app_begin ] --START--
INFO: Run Behavior\ReadHtmlCacheBehavior [ RunTime:0.001000s ]
INFO: [ app_begin ] --END-- [ RunTime:0.001000s ]
INFO: [ action_begin ] --START--
SQL: SHOW COLUMNS FROM `ct_admin_auth_rule` [ RunTime:0.0200s ]
SQL: SELECT * FROM `ct_admin_auth_rule` WHERE `menu_name` = 'Login/verify' AND `status` = 1 LIMIT 1   [ RunTime:0.0010s ]
INFO: Run Admin\Behaviors\OptionRecordBehavior [ RunTime:0.037002s ]
INFO: [ action_begin ] --END-- [ RunTime:0.037002s ]
INFO: [ app_end ] --START--
INFO: Run Behavior\ShowPageTraceBehavior [ RunTime:0.002000s ]
INFO: [ app_end ] --END-- [ RunTime:0.002000s ]

[ 2018-05-29T17:15:55+08:00 ] 127.0.0.1 /zd_townsmen/index.php/Admin/Index/index.html
INFO: [ app_init ] --START--
INFO: Run Behavior\BuildLiteBehavior [ RunTime:0.000000s ]
INFO: [ app_init ] --END-- [ RunTime:0.001000s ]
INFO: [ app_begin ] --START--
INFO: Run Behavior\ReadHtmlCacheBehavior [ RunTime:0.001000s ]
INFO: [ app_begin ] --END-- [ RunTime:0.002000s ]
INFO: [ action_begin ] --START--
SQL: SHOW COLUMNS FROM `ct_admin_auth_rule` [ RunTime:0.0140s ]
SQL: SELECT * FROM `ct_admin_auth_rule` WHERE `menu_name` = 'Index/index' AND `status` = 1 LIMIT 1   [ RunTime:0.0010s ]
INFO: Run Admin\Behaviors\OptionRecordBehavior [ RunTime:0.043002s ]
INFO: [ action_begin ] --END-- [ RunTime:0.043002s ]

[ 2018-05-29T17:15:56+08:00 ] 127.0.0.1 /zd_townsmen/index.php/Admin/Login/verify.html
INFO: [ app_init ] --START--
INFO: Run Behavior\BuildLiteBehavior [ RunTime:0.000000s ]
INFO: [ app_init ] --END-- [ RunTime:0.001000s ]
INFO: [ app_begin ] --START--
INFO: Run Behavior\ReadHtmlCacheBehavior [ RunTime:0.001000s ]
INFO: [ app_begin ] --END-- [ RunTime:0.001000s ]
INFO: [ action_begin ] --START--
SQL: SHOW COLUMNS FROM `ct_admin_auth_rule` [ RunTime:0.0170s ]
SQL: SELECT * FROM `ct_admin_auth_rule` WHERE `menu_name` = 'Login/verify' AND `status` = 1 LIMIT 1   [ RunTime:0.0010s ]
INFO: Run Admin\Behaviors\OptionRecordBehavior [ RunTime:0.034002s ]
INFO: [ action_begin ] --END-- [ RunTime:0.034002s ]
INFO: [ app_end ] --START--
INFO: Run Behavior\ShowPageTraceBehavior [ RunTime:0.014000s ]
INFO: [ app_end ] --END-- [ RunTime:0.014000s ]

[ 2018-05-29T17:16:01+08:00 ] 127.0.0.1 /zd_townsmen/index.php/Admin/Login/doLogin.html
INFO: [ app_init ] --START--
INFO: Run Behavior\BuildLiteBehavior [ RunTime:0.001000s ]
INFO: [ app_init ] --END-- [ RunTime:0.002000s ]
INFO: [ app_begin ] --START--
INFO: Run Behavior\ReadHtmlCacheBehavior [ RunTime:0.001000s ]
INFO: [ app_begin ] --END-- [ RunTime:0.002000s ]
INFO: [ action_begin ] --START--
SQL: SHOW COLUMNS FROM `ct_admin_auth_rule` [ RunTime:0.0010s ]
SQL: SELECT * FROM `ct_admin_auth_rule` WHERE `menu_name` = 'Login/doLogin' AND `status` = 1 LIMIT 1   [ RunTime:0.0010s ]
INFO: Run Admin\Behaviors\OptionRecordBehavior [ RunTime:0.039002s ]
INFO: [ action_begin ] --END-- [ RunTime:0.039002s ]

[ 2018-05-29T17:16:02+08:00 ] 127.0.0.1 /zd_townsmen/index.php/Admin/Login/verify.html?0.3756305106821505
INFO: [ app_init ] --START--
INFO: Run Behavior\BuildLiteBehavior [ RunTime:0.000000s ]
INFO: [ app_init ] --END-- [ RunTime:0.001000s ]
INFO: [ app_begin ] --START--
INFO: Run Behavior\ReadHtmlCacheBehavior [ RunTime:0.001000s ]
INFO: [ app_begin ] --END-- [ RunTime:0.001000s ]
INFO: [ action_begin ] --START--
SQL: SHOW COLUMNS FROM `ct_admin_auth_rule` [ RunTime:0.0260s ]
SQL: SELECT * FROM `ct_admin_auth_rule` WHERE `menu_name` = 'Login/verify' AND `status` = 1 LIMIT 1   [ RunTime:0.0010s ]
INFO: Run Admin\Behaviors\OptionRecordBehavior [ RunTime:0.051003s ]
INFO: [ action_begin ] --END-- [ RunTime:0.051003s ]
INFO: [ app_end ] --START--
INFO: Run Behavior\ShowPageTraceBehavior [ RunTime:0.002000s ]
INFO: [ app_end ] --END-- [ RunTime:0.002000s ]

[ 2018-05-29T17:16:13+08:00 ] 127.0.0.1 /zd_townsmen/index.php/Admin/Login/doLogin.html
INFO: [ app_init ] --START--
INFO: Run Behavior\BuildLiteBehavior [ RunTime:0.000000s ]
INFO: [ app_init ] --END-- [ RunTime:0.001000s ]
INFO: [ app_begin ] --START--
INFO: Run Behavior\ReadHtmlCacheBehavior [ RunTime:0.001000s ]
INFO: [ app_begin ] --END-- [ RunTime:0.001000s ]
INFO: [ action_begin ] --START--
SQL: SHOW COLUMNS FROM `ct_admin_auth_rule` [ RunTime:0.0160s ]
SQL: SELECT * FROM `ct_admin_auth_rule` WHERE `menu_name` = 'Login/doLogin' AND `status` = 1 LIMIT 1   [ RunTime:0.0010s ]
INFO: Run Admin\Behaviors\OptionRecordBehavior [ RunTime:0.120007s ]
INFO: [ action_begin ] --END-- [ RunTime:0.120007s ]
SQL: SHOW COLUMNS FROM `ct_admin_user` [ RunTime:0.0800s ]
SQL: SELECT * FROM `ct_admin_user` WHERE `user_name` = 'admin' AND `password` = 'e10adc3949ba59abbe56e057f20f883e' AND `status` = 1 LIMIT 1   [ RunTime:0.0990s ]

[ 2018-05-29T17:16:13+08:00 ] 127.0.0.1 /zd_townsmen/index.php/Admin/Login/verify.html?0.3756305106821505?0.5023872371349263
INFO: [ app_init ] --START--
INFO: Run Behavior\BuildLiteBehavior [ RunTime:0.000000s ]
INFO: [ app_init ] --END-- [ RunTime:0.001000s ]
INFO: [ app_begin ] --START--
INFO: Run Behavior\ReadHtmlCacheBehavior [ RunTime:0.001000s ]
INFO: [ app_begin ] --END-- [ RunTime:0.001000s ]
INFO: [ action_begin ] --START--
SQL: SHOW COLUMNS FROM `ct_admin_auth_rule` [ RunTime:0.0140s ]
SQL: SELECT * FROM `ct_admin_auth_rule` WHERE `menu_name` = 'Login/verify' AND `status` = 1 LIMIT 1   [ RunTime:0.0000s ]
INFO: Run Admin\Behaviors\OptionRecordBehavior [ RunTime:0.029002s ]
INFO: [ action_begin ] --END-- [ RunTime:0.029002s ]
INFO: [ app_end ] --START--
INFO: Run Behavior\ShowPageTraceBehavior [ RunTime:0.001001s ]
INFO: [ app_end ] --END-- [ RunTime:0.001001s ]

[ 2018-05-29T17:16:21+08:00 ] 127.0.0.1 /zd_townsmen/index.php/Admin/Login/verify.html?0.3756305106821505?0.5023872371349263?0.03664647267600207
INFO: [ app_init ] --START--
INFO: Run Behavior\BuildLiteBehavior [ RunTime:0.000000s ]
INFO: [ app_init ] --END-- [ RunTime:0.002000s ]
INFO: [ app_begin ] --START--
INFO: Run Behavior\ReadHtmlCacheBehavior [ RunTime:0.001000s ]
INFO: [ app_begin ] --END-- [ RunTime:0.001000s ]
INFO: [ action_begin ] --START--
SQL: SHOW COLUMNS FROM `ct_admin_auth_rule` [ RunTime:0.0180s ]
SQL: SELECT * FROM `ct_admin_auth_rule` WHERE `menu_name` = 'Login/verify' AND `status` = 1 LIMIT 1   [ RunTime:0.0010s ]
INFO: Run Admin\Behaviors\OptionRecordBehavior [ RunTime:0.062004s ]
INFO: [ action_begin ] --END-- [ RunTime:0.062004s ]
INFO: [ app_end ] --START--
INFO: Run Behavior\ShowPageTraceBehavior [ RunTime:0.001000s ]
INFO: [ app_end ] --END-- [ RunTime:0.001000s ]

[ 2018-05-29T17:16:26+08:00 ] 127.0.0.1 /zd_townsmen/index.php/Admin/Login/doLogin.html
INFO: [ app_init ] --START--
INFO: Run Behavior\BuildLiteBehavior [ RunTime:0.000000s ]
INFO: [ app_init ] --END-- [ RunTime:0.001000s ]
INFO: [ app_begin ] --START--
INFO: Run Behavior\ReadHtmlCacheBehavior [ RunTime:0.001000s ]
INFO: [ app_begin ] --END-- [ RunTime:0.002001s ]
INFO: [ action_begin ] --START--
SQL: SHOW COLUMNS FROM `ct_admin_auth_rule` [ RunTime:0.0290s ]
SQL: SELECT * FROM `ct_admin_auth_rule` WHERE `menu_name` = 'Login/doLogin' AND `status` = 1 LIMIT 1   [ RunTime:0.0010s ]
INFO: Run Admin\Behaviors\OptionRecordBehavior [ RunTime:0.051003s ]
INFO: [ action_begin ] --END-- [ RunTime:0.051003s ]
SQL: SHOW COLUMNS FROM `ct_admin_user` [ RunTime:0.0170s ]
SQL: SELECT * FROM `ct_admin_user` WHERE `user_name` = 'admin' AND `password` = '4469f392f253cf7ddb737daaf5dbffae' AND `status` = 1 LIMIT 1   [ RunTime:0.0010s ]
SQL: UPDATE `ct_admin_user` SET `lastlogin_time`='1527585386' WHERE `id` = 12 [ RunTime:0.2070s ]

[ 2018-05-29T17:16:26+08:00 ] 127.0.0.1 /zd_townsmen/index.php/Admin/Index/index.html
INFO: [ app_init ] --START--
INFO: Run Behavior\BuildLiteBehavior [ RunTime:0.000000s ]
INFO: [ app_init ] --END-- [ RunTime:0.001000s ]
INFO: [ app_begin ] --START--
INFO: Run Behavior\ReadHtmlCacheBehavior [ RunTime:0.001000s ]
INFO: [ app_begin ] --END-- [ RunTime:0.002000s ]
INFO: [ action_begin ] --START--
SQL: SHOW COLUMNS FROM `ct_admin_auth_rule` [ RunTime:0.0010s ]
SQL: SELECT * FROM `ct_admin_auth_rule` WHERE `menu_name` = 'Index/index' AND `status` = 1 LIMIT 1   [ RunTime:0.0000s ]
INFO: Run Admin\Behaviors\OptionRecordBehavior [ RunTime:0.017001s ]
INFO: [ action_begin ] --END-- [ RunTime:0.017001s ]
SQL: SHOW COLUMNS FROM `ct_admin_auth_group_access` [ RunTime:0.0250s ]
SQL: SELECT b.rules FROM ct_admin_auth_group_access a LEFT JOIN ct_admin_auth_group b ON b.id=a.group_id  WHERE a.uid = '12'  [ RunTime:0.0860s ]
SQL: SHOW COLUMNS FROM `ct_admin_auth_rule` [ RunTime:0.0020s ]
SQL: SELECT * FROM `ct_admin_auth_rule` WHERE `id` IN ('2','19','3','4','7','8','9','10','5','11','12','13','14','6','15','16','17','18','20','21','22','26','23','27','24','28','29','25','30','31','32') AND `is_menu` = 1 AND `status` = 1  [ RunTime:0.0170s ]
INFO: [ view_parse ] --START--
INFO: [ template_filter ] --START--
INFO: Run Behavior\ContentReplaceBehavior [ RunTime:0.001000s ]
INFO: [ template_filter ] --END-- [ RunTime:0.001000s ]
INFO: Run Behavior\ParseTemplateBehavior [ RunTime:0.170010s ]
INFO: [ view_parse ] --END-- [ RunTime:0.170010s ]
INFO: [ view_filter ] --START--
INFO: Run Behavior\WriteHtmlCacheBehavior [ RunTime:0.001000s ]
INFO: [ view_filter ] --END-- [ RunTime:0.002000s ]
INFO: [ app_end ] --START--
INFO: Run Behavior\ShowPageTraceBehavior [ RunTime:0.002000s ]
INFO: [ app_end ] --END-- [ RunTime:0.002000s ]

[ 2018-05-29T17:16:27+08:00 ] 127.0.0.1 /zd_townsmen/index.php/Admin/Index/main.html
INFO: [ app_init ] --START--
INFO: Run Behavior\BuildLiteBehavior [ RunTime:0.000000s ]
INFO: [ app_init ] --END-- [ RunTime:0.000000s ]
INFO: [ app_begin ] --START--
INFO: Run Behavior\ReadHtmlCacheBehavior [ RunTime:0.001000s ]
INFO: [ app_begin ] --END-- [ RunTime:0.001000s ]
INFO: [ action_begin ] --START--
SQL: SHOW COLUMNS FROM `ct_admin_auth_rule` [ RunTime:0.0180s ]
SQL: SELECT * FROM `ct_admin_auth_rule` WHERE `menu_name` = 'Index/main' AND `status` = 1 LIMIT 1   [ RunTime:0.0000s ]
INFO: Run Admin\Behaviors\OptionRecordBehavior [ RunTime:0.039002s ]
INFO: [ action_begin ] --END-- [ RunTime:0.039002s ]
INFO: [ view_parse ] --START--
INFO: [ template_filter ] --START--
INFO: Run Behavior\ContentReplaceBehavior [ RunTime:0.001000s ]
INFO: [ template_filter ] --END-- [ RunTime:0.001000s ]
INFO: Run Behavior\ParseTemplateBehavior [ RunTime:0.024001s ]
INFO: [ view_parse ] --END-- [ RunTime:0.024001s ]
INFO: [ view_filter ] --START--
INFO: Run Behavior\WriteHtmlCacheBehavior [ RunTime:0.001000s ]
INFO: [ view_filter ] --END-- [ RunTime:0.001000s ]
INFO: [ app_end ] --START--
INFO: Run Behavior\ShowPageTraceBehavior [ RunTime:0.000000s ]
INFO: [ app_end ] --END-- [ RunTime:0.001000s ]

[ 2018-05-29T17:16:29+08:00 ] 127.0.0.1 /zd_townsmen/index.php/Admin/Race/index.html
INFO: [ app_init ] --START--
INFO: Run Behavior\BuildLiteBehavior [ RunTime:0.000000s ]
INFO: [ app_init ] --END-- [ RunTime:0.001000s ]
INFO: [ app_begin ] --START--
INFO: Run Behavior\ReadHtmlCacheBehavior [ RunTime:0.001000s ]
INFO: [ app_begin ] --END-- [ RunTime:0.001000s ]
INFO: [ action_begin ] --START--
SQL: SHOW COLUMNS FROM `ct_admin_auth_rule` [ RunTime:0.0070s ]
SQL: SELECT * FROM `ct_admin_auth_rule` WHERE `menu_name` = 'Race/index' AND `status` = 1 LIMIT 1   [ RunTime:0.0000s ]
INFO: Run Admin\Behaviors\OptionRecordBehavior [ RunTime:0.034002s ]
INFO: [ action_begin ] --END-- [ RunTime:0.034002s ]
SQL: SHOW COLUMNS FROM `ct_admin_auth_group_access` [ RunTime:0.0010s ]
SQL: SELECT `uid`,`group_id`,`title`,`rules` FROM ct_admin_auth_group_access a INNER JOIN ct_admin_auth_group g on a.group_id=g.id  WHERE ( a.uid='12' and g.status='1' )  [ RunTime:0.0210s ]
SQL: SHOW COLUMNS FROM `ct_admin_auth_rule` [ RunTime:0.0080s ]
SQL: SELECT `menu_name` FROM `ct_admin_auth_rule` WHERE `id` IN ('2','19','3','4','7','8','9','10','5','11','12','13','14','6','15','16','17','18','20','21','22','26','23','27','24','28','29','25','30','31','32') AND `type` = 1 AND `status` = 1  [ RunTime:0.0000s ]
INFO: [ view_parse ] --START--
INFO: [ template_filter ] --START--
INFO: Run Behavior\ContentReplaceBehavior [ RunTime:0.000000s ]
INFO: [ template_filter ] --END-- [ RunTime:0.001000s ]
INFO: Run Behavior\ParseTemplateBehavior [ RunTime:0.009001s ]
INFO: [ view_parse ] --END-- [ RunTime:0.009001s ]
INFO: [ view_filter ] --START--
INFO: Run Behavior\WriteHtmlCacheBehavior [ RunTime:0.000000s ]
INFO: [ view_filter ] --END-- [ RunTime:0.000000s ]
INFO: [ app_end ] --START--
INFO: Run Behavior\ShowPageTraceBehavior [ RunTime:0.001000s ]
INFO: [ app_end ] --END-- [ RunTime:0.001000s ]

[ 2018-05-29T17:16:31+08:00 ] 127.0.0.1 /zd_townsmen/index.php/Admin/Menu/index.html
INFO: [ app_init ] --START--
INFO: Run Behavior\BuildLiteBehavior [ RunTime:0.000000s ]
INFO: [ app_init ] --END-- [ RunTime:0.001000s ]
INFO: [ app_begin ] --START--
INFO: Run Behavior\ReadHtmlCacheBehavior [ RunTime:0.001001s ]
INFO: [ app_begin ] --END-- [ RunTime:0.002001s ]
INFO: [ action_begin ] --START--
SQL: SHOW COLUMNS FROM `ct_admin_auth_rule` [ RunTime:0.0400s ]
SQL: SELECT * FROM `ct_admin_auth_rule` WHERE `menu_name` = 'Menu/index' AND `status` = 1 LIMIT 1   [ RunTime:0.0040s ]
INFO: Run Admin\Behaviors\OptionRecordBehavior [ RunTime:0.074005s ]
INFO: [ action_begin ] --END-- [ RunTime:0.074005s ]
SQL: SHOW COLUMNS FROM `ct_admin_auth_group_access` [ RunTime:0.0080s ]
SQL: SELECT `uid`,`group_id`,`title`,`rules` FROM ct_admin_auth_group_access a INNER JOIN ct_admin_auth_group g on a.group_id=g.id  WHERE ( a.uid='12' and g.status='1' )  [ RunTime:0.0000s ]
SQL: SHOW COLUMNS FROM `ct_admin_auth_rule` [ RunTime:0.0000s ]
SQL: SELECT `menu_name` FROM `ct_admin_auth_rule` WHERE `id` IN ('2','19','3','4','7','8','9','10','5','11','12','13','14','6','15','16','17','18','20','21','22','26','23','27','24','28','29','25','30','31','32') AND `type` = 1 AND `status` = 1  [ RunTime:0.0000s ]
SQL: SELECT * FROM `ct_admin_auth_rule` WHERE `status` = 1 AND `is_menu` = 1  [ RunTime:0.0000s ]
INFO: [ view_parse ] --START--
INFO: [ template_filter ] --START--
INFO: Run Behavior\ContentReplaceBehavior [ RunTime:0.000000s ]
INFO: [ template_filter ] --END-- [ RunTime:0.001000s ]
NOTIC: [8] Undefined offset: 1 D:\wamp64\www\zd_townsmen\Apps\Runtime\Cache\Admin\db3da01c8f36ad38f6ba709720b2de06.php 第 39 行.
NOTIC: [8] Undefined offset: 1 D:\wamp64\www\zd_townsmen\Apps\Runtime\Cache\Admin\db3da01c8f36ad38f6ba709720b2de06.php 第 39 行.
NOTIC: [8] Undefined offset: 1 D:\wamp64\www\zd_townsmen\Apps\Runtime\Cache\Admin\db3da01c8f36ad38f6ba709720b2de06.php 第 39 行.
NOTIC: [8] Undefined offset: 1 D:\wamp64\www\zd_townsmen\Apps\Runtime\Cache\Admin\db3da01c8f36ad38f6ba709720b2de06.php 第 39 行.
NOTIC: [8] Undefined offset: 1 D:\wamp64\www\zd_townsmen\Apps\Runtime\Cache\Admin\db3da01c8f36ad38f6ba709720b2de06.php 第 39 行.
NOTIC: [8] Undefined offset: 1 D:\wamp64\www\zd_townsmen\Apps\Runtime\Cache\Admin\db3da01c8f36ad38f6ba709720b2de06.php 第 39 行.
NOTIC: [8] Undefined offset: 1 D:\wamp64\www\zd_townsmen\Apps\Runtime\Cache\Admin\db3da01c8f36ad38f6ba709720b2de06.php 第 39 行.
NOTIC: [8] Undefined offset: 1 D:\wamp64\www\zd_townsmen\Apps\Runtime\Cache\Admin\db3da01c8f36ad38f6ba709720b2de06.php 第 39 行.
NOTIC: [8] Undefined variable: page D:\wamp64\www\zd_townsmen\Apps\Runtime\Cache\Admin\db3da01c8f36ad38f6ba709720b2de06.php 第 58 行.
INFO: Run Behavior\ParseTemplateBehavior [ RunTime:0.028002s ]
INFO: [ view_parse ] --END-- [ RunTime:0.029002s ]
INFO: [ view_filter ] --START--
INFO: Run Behavior\WriteHtmlCacheBehavior [ RunTime:0.001000s ]
INFO: [ view_filter ] --END-- [ RunTime:0.001000s ]
INFO: [ app_end ] --START--
INFO: Run Behavior\ShowPageTraceBehavior [ RunTime:0.001000s ]
INFO: [ app_end ] --END-- [ RunTime:0.001000s ]

[ 2018-05-29T17:16:32+08:00 ] 127.0.0.1 /zd_townsmen/index.php/Admin/AuthGroup/authGroupList.html
INFO: [ app_init ] --START--
INFO: Run Behavior\BuildLiteBehavior [ RunTime:0.000000s ]
INFO: [ app_init ] --END-- [ RunTime:0.002000s ]
INFO: [ app_begin ] --START--
INFO: Run Behavior\ReadHtmlCacheBehavior [ RunTime:0.001000s ]
INFO: [ app_begin ] --END-- [ RunTime:0.001000s ]
INFO: [ action_begin ] --START--
SQL: SHOW COLUMNS FROM `ct_admin_auth_rule` [ RunTime:0.0010s ]
SQL: SELECT * FROM `ct_admin_auth_rule` WHERE `menu_name` = 'AuthGroup/authGroupList' AND `status` = 1 LIMIT 1   [ RunTime:0.0010s ]
INFO: Run Admin\Behaviors\OptionRecordBehavior [ RunTime:0.035002s ]
INFO: [ action_begin ] --END-- [ RunTime:0.035002s ]
SQL: SHOW COLUMNS FROM `ct_admin_auth_group_access` [ RunTime:0.0010s ]
SQL: SELECT `uid`,`group_id`,`title`,`rules` FROM ct_admin_auth_group_access a INNER JOIN ct_admin_auth_group g on a.group_id=g.id  WHERE ( a.uid='12' and g.status='1' )  [ RunTime:0.0140s ]
SQL: SHOW COLUMNS FROM `ct_admin_auth_rule` [ RunTime:0.0010s ]
SQL: SELECT `menu_name` FROM `ct_admin_auth_rule` WHERE `id` IN ('2','19','3','4','7','8','9','10','5','11','12','13','14','6','15','16','17','18','20','21','22','26','23','27','24','28','29','25','30','31','32') AND `type` = 1 AND `status` = 1  [ RunTime:0.0010s ]
SQL: SHOW COLUMNS FROM `ct_admin_auth_group` [ RunTime:0.0010s ]
SQL: SELECT COUNT(*) AS tp_count FROM `ct_admin_auth_group` WHERE `status` = 1 LIMIT 1   [ RunTime:0.0520s ]
SQL: SELECT * FROM `ct_admin_auth_group` WHERE `status` = 1 ORDER BY is_manage DESC,id DESC LIMIT 0,15   [ RunTime:0.0140s ]
INFO: [ view_parse ] --START--
INFO: [ template_filter ] --START--
INFO: Run Behavior\ContentReplaceBehavior [ RunTime:0.000000s ]
INFO: [ template_filter ] --END-- [ RunTime:0.000000s ]
INFO: Run Behavior\ParseTemplateBehavior [ RunTime:0.025002s ]
INFO: [ view_parse ] --END-- [ RunTime:0.025002s ]
INFO: [ view_filter ] --START--
INFO: Run Behavior\WriteHtmlCacheBehavior [ RunTime:0.001000s ]
INFO: [ view_filter ] --END-- [ RunTime:0.001000s ]
INFO: [ app_end ] --START--
INFO: Run Behavior\ShowPageTraceBehavior [ RunTime:0.002000s ]
INFO: [ app_end ] --END-- [ RunTime:0.002000s ]

[ 2018-05-29T17:16:33+08:00 ] 127.0.0.1 /zd_townsmen/index.php/Admin/User/index.html
INFO: [ app_init ] --START--
INFO: Run Behavior\BuildLiteBehavior [ RunTime:0.000000s ]
INFO: [ app_init ] --END-- [ RunTime:0.001000s ]
INFO: [ app_begin ] --START--
INFO: Run Behavior\ReadHtmlCacheBehavior [ RunTime:0.001001s ]
INFO: [ app_begin ] --END-- [ RunTime:0.002001s ]
INFO: [ action_begin ] --START--
SQL: SHOW COLUMNS FROM `ct_admin_auth_rule` [ RunTime:0.0020s ]
SQL: SELECT * FROM `ct_admin_auth_rule` WHERE `menu_name` = 'User/index' AND `status` = 1 LIMIT 1   [ RunTime:0.0010s ]
INFO: Run Admin\Behaviors\OptionRecordBehavior [ RunTime:0.020002s ]
INFO: [ action_begin ] --END-- [ RunTime:0.021002s ]
SQL: SHOW COLUMNS FROM `ct_admin_auth_group_access` [ RunTime:0.0010s ]
SQL: SELECT `uid`,`group_id`,`title`,`rules` FROM ct_admin_auth_group_access a INNER JOIN ct_admin_auth_group g on a.group_id=g.id  WHERE ( a.uid='12' and g.status='1' )  [ RunTime:0.0020s ]
SQL: SHOW COLUMNS FROM `ct_admin_auth_rule` [ RunTime:0.0010s ]
SQL: SELECT `menu_name` FROM `ct_admin_auth_rule` WHERE `id` IN ('2','19','3','4','7','8','9','10','5','11','12','13','14','6','15','16','17','18','20','21','22','26','23','27','24','28','29','25','30','31','32') AND `type` = 1 AND `status` = 1  [ RunTime:0.0000s ]
SQL: SHOW COLUMNS FROM `ct_admin_user` [ RunTime:0.0020s ]
SQL: SELECT COUNT(*) AS tp_count FROM `ct_admin_user` WHERE `status` = 1 LIMIT 1   [ RunTime:0.0010s ]
SQL: SELECT * FROM `ct_admin_user` WHERE `status` = 1 LIMIT 0,10   [ RunTime:0.0010s ]
INFO: [ view_parse ] --START--
INFO: [ template_filter ] --START--
INFO: Run Behavior\ContentReplaceBehavior [ RunTime:0.000000s ]
INFO: [ template_filter ] --END-- [ RunTime:0.000000s ]
INFO: Run Behavior\ParseTemplateBehavior [ RunTime:0.031001s ]
INFO: [ view_parse ] --END-- [ RunTime:0.032002s ]
INFO: [ view_filter ] --START--
INFO: Run Behavior\WriteHtmlCacheBehavior [ RunTime:0.000000s ]
INFO: [ view_filter ] --END-- [ RunTime:0.001000s ]
INFO: [ app_end ] --START--
INFO: Run Behavior\ShowPageTraceBehavior [ RunTime:0.001000s ]
INFO: [ app_end ] --END-- [ RunTime:0.001000s ]

[ 2018-05-29T17:16:34+08:00 ] 127.0.0.1 /zd_townsmen/index.php/Admin/Member/index.html
INFO: [ app_init ] --START--
INFO: Run Behavior\BuildLiteBehavior [ RunTime:0.000000s ]
INFO: [ app_init ] --END-- [ RunTime:0.001000s ]
INFO: [ app_begin ] --START--
INFO: Run Behavior\ReadHtmlCacheBehavior [ RunTime:0.001000s ]
INFO: [ app_begin ] --END-- [ RunTime:0.001000s ]
INFO: [ action_begin ] --START--
SQL: SHOW COLUMNS FROM `ct_admin_auth_rule` [ RunTime:0.0010s ]
SQL: SELECT * FROM `ct_admin_auth_rule` WHERE `menu_name` = 'Member/index' AND `status` = 1 LIMIT 1   [ RunTime:0.0000s ]
INFO: Run Admin\Behaviors\OptionRecordBehavior [ RunTime:0.018001s ]
INFO: [ action_begin ] --END-- [ RunTime:0.018001s ]
SQL: SHOW COLUMNS FROM `ct_admin_auth_group_access` [ RunTime:0.0090s ]
SQL: SELECT `uid`,`group_id`,`title`,`rules` FROM ct_admin_auth_group_access a INNER JOIN ct_admin_auth_group g on a.group_id=g.id  WHERE ( a.uid='12' and g.status='1' )  [ RunTime:0.0020s ]
SQL: SHOW COLUMNS FROM `ct_admin_auth_rule` [ RunTime:0.0000s ]
SQL: SELECT `menu_name` FROM `ct_admin_auth_rule` WHERE `id` IN ('2','19','3','4','7','8','9','10','5','11','12','13','14','6','15','16','17','18','20','21','22','26','23','27','24','28','29','25','30','31','32') AND `type` = 1 AND `status` = 1  [ RunTime:0.0000s ]
SQL: SHOW COLUMNS FROM `ct_user_login` [ RunTime:0.0010s ]
SQL: SELECT COUNT(*) AS tp_count FROM `ct_user_login` WHERE `reg_time` BETWEEN 1527523200 AND 1527609599 AND `status` = 1 LIMIT 1   [ RunTime:0.0050s ]
SQL: SELECT * FROM `ct_user_login` WHERE `reg_time` BETWEEN 1527523200 AND 1527609599 AND `status` = 1 ORDER BY login_time desc LIMIT 0,25   [ RunTime:0.0010s ]
INFO: [ view_parse ] --START--
INFO: [ template_filter ] --START--
INFO: Run Behavior\ContentReplaceBehavior [ RunTime:0.000000s ]
INFO: [ template_filter ] --END-- [ RunTime:0.000000s ]
NOTIC: [8] Undefined variable: menu D:\wamp64\www\zd_townsmen\Apps\Runtime\Cache\Admin\dc648293262b567a5838a112e7fde856.php 第 71 行.
INFO: Run Behavior\ParseTemplateBehavior [ RunTime:0.075004s ]
INFO: [ view_parse ] --END-- [ RunTime:0.075004s ]
INFO: [ view_filter ] --START--
INFO: Run Behavior\WriteHtmlCacheBehavior [ RunTime:0.001000s ]
INFO: [ view_filter ] --END-- [ RunTime:0.001000s ]
INFO: [ app_end ] --START--
INFO: Run Behavior\ShowPageTraceBehavior [ RunTime:0.001000s ]
INFO: [ app_end ] --END-- [ RunTime:0.001000s ]

[ 2018-05-29T17:16:37+08:00 ] 127.0.0.1 /zd_townsmen/index.php/Admin/Bbs/index.html
INFO: [ app_init ] --START--
INFO: Run Behavior\BuildLiteBehavior [ RunTime:0.000000s ]
INFO: [ app_init ] --END-- [ RunTime:0.002000s ]
INFO: [ app_begin ] --START--
INFO: Run Behavior\ReadHtmlCacheBehavior [ RunTime:0.001000s ]
INFO: [ app_begin ] --END-- [ RunTime:0.001000s ]
INFO: [ action_begin ] --START--
SQL: SHOW COLUMNS FROM `ct_admin_auth_rule` [ RunTime:0.0110s ]
SQL: SELECT * FROM `ct_admin_auth_rule` WHERE `menu_name` = 'Bbs/index' AND `status` = 1 LIMIT 1   [ RunTime:0.0010s ]
INFO: Run Admin\Behaviors\OptionRecordBehavior [ RunTime:0.033002s ]
INFO: [ action_begin ] --END-- [ RunTime:0.033002s ]
SQL: SHOW COLUMNS FROM `ct_admin_auth_group_access` [ RunTime:0.0260s ]
SQL: SELECT `uid`,`group_id`,`title`,`rules` FROM ct_admin_auth_group_access a INNER JOIN ct_admin_auth_group g on a.group_id=g.id  WHERE ( a.uid='12' and g.status='1' )  [ RunTime:0.0050s ]
SQL: SHOW COLUMNS FROM `ct_admin_auth_rule` [ RunTime:0.0010s ]
SQL: SELECT `menu_name` FROM `ct_admin_auth_rule` WHERE `id` IN ('2','19','3','4','7','8','9','10','5','11','12','13','14','6','15','16','17','18','20','21','22','26','23','27','24','28','29','25','30','31','32') AND `type` = 1 AND `status` = 1  [ RunTime:0.0010s ]
SQL: SHOW COLUMNS FROM `ct_forum_post` [ RunTime:0.0030s ]
NOTIC: [2] Missing argument 1 for I(), called in D:\wamp64\www\zd_townsmen\Apps\Admin\Controller\BbsController.class.php on line 25 and defined D:\wamp64\www\zd_townsmen\ThinkPHP\Common\functions.php 第 271 行.
NOTIC: [8] Undefined variable: name D:\wamp64\www\zd_townsmen\ThinkPHP\Common\functions.php 第 273 行.
NOTIC: [8] Undefined variable: name D:\wamp64\www\zd_townsmen\ThinkPHP\Common\functions.php 第 278 行.
NOTIC: [8] Undefined variable: name D:\wamp64\www\zd_townsmen\ThinkPHP\Common\functions.php 第 339 行.
SQL: SELECT COUNT(*) AS tp_count FROM `ct_forum_post` WHERE `status` = 1 LIMIT 1   [ RunTime:0.0090s ]
ERR: 1054:Unknown column 'ft.id' in 'on clause'
 [ SQL语句 ] : SELECT fp.pid,fp.title,fp.post_time,ft.theme,ug.username FROM `ct_forum_post` fp join ct_forum_theme ft on ft.id = fp.tid and ft.status = 1 join ct_user_login ug on ug.id = fp.uid  WHERE fp.status = 1 ORDER BY fp.post_time desc LIMIT 0,20  
ERR: 1054:Unknown column 'ft.id' in 'on clause'
 [ SQL语句 ] : SELECT fp.pid,fp.title,fp.post_time,ft.theme,ug.username FROM `ct_forum_post` fp join ct_forum_theme ft on ft.id = fp.tid and ft.status = 1 join ct_user_login ug on ug.id = fp.uid  WHERE fp.status = 1 ORDER BY fp.post_time desc LIMIT 0,20  

[ 2018-05-29T17:19:02+08:00 ] 127.0.0.1 /zd_townsmen/index.php/Admin/Bbs/index.html
INFO: [ app_init ] --START--
INFO: Run Behavior\BuildLiteBehavior [ RunTime:0.000000s ]
INFO: [ app_init ] --END-- [ RunTime:0.001000s ]
INFO: [ app_begin ] --START--
INFO: Run Behavior\ReadHtmlCacheBehavior [ RunTime:0.000000s ]
INFO: [ app_begin ] --END-- [ RunTime:0.001000s ]
INFO: [ action_begin ] --START--
SQL: SHOW COLUMNS FROM `ct_admin_auth_rule` [ RunTime:0.0130s ]
SQL: SELECT * FROM `ct_admin_auth_rule` WHERE `menu_name` = 'Bbs/index' AND `status` = 1 LIMIT 1   [ RunTime:0.0010s ]
INFO: Run Admin\Behaviors\OptionRecordBehavior [ RunTime:0.041002s ]
INFO: [ action_begin ] --END-- [ RunTime:0.041002s ]
SQL: SHOW COLUMNS FROM `ct_admin_auth_group_access` [ RunTime:0.0070s ]
SQL: SELECT `uid`,`group_id`,`title`,`rules` FROM ct_admin_auth_group_access a INNER JOIN ct_admin_auth_group g on a.group_id=g.id  WHERE ( a.uid='12' and g.status='1' )  [ RunTime:0.0090s ]
SQL: SHOW COLUMNS FROM `ct_admin_auth_rule` [ RunTime:0.0020s ]
SQL: SELECT `menu_name` FROM `ct_admin_auth_rule` WHERE `id` IN ('2','19','3','4','7','8','9','10','5','11','12','13','14','6','15','16','17','18','20','21','22','26','23','27','24','28','29','25','30','31','32') AND `type` = 1 AND `status` = 1  [ RunTime:0.0010s ]
SQL: SHOW COLUMNS FROM `ct_forum_post` [ RunTime:0.0030s ]
NOTIC: [2] Missing argument 1 for I(), called in D:\wamp64\www\zd_townsmen\Apps\Admin\Controller\BbsController.class.php on line 25 and defined D:\wamp64\www\zd_townsmen\ThinkPHP\Common\functions.php 第 271 行.
NOTIC: [8] Undefined variable: name D:\wamp64\www\zd_townsmen\ThinkPHP\Common\functions.php 第 273 行.
NOTIC: [8] Undefined variable: name D:\wamp64\www\zd_townsmen\ThinkPHP\Common\functions.php 第 278 行.
NOTIC: [8] Undefined variable: name D:\wamp64\www\zd_townsmen\ThinkPHP\Common\functions.php 第 339 行.
SQL: SELECT COUNT(*) AS tp_count FROM `ct_forum_post` WHERE `status` = 1 LIMIT 1   [ RunTime:0.0000s ]
ERR: 1054:Unknown column 'ug.id' in 'on clause'
 [ SQL语句 ] : SELECT fp.pid,fp.title,fp.post_time,ft.theme,ug.username FROM `ct_forum_post` fp join ct_forum_theme ft on ft.tid = fp.tid and ft.status = 1 join ct_user_login ug on ug.id = fp.uid  WHERE fp.status = 1 ORDER BY fp.post_time desc LIMIT 0,20  
ERR: 1054:Unknown column 'ug.id' in 'on clause'
 [ SQL语句 ] : SELECT fp.pid,fp.title,fp.post_time,ft.theme,ug.username FROM `ct_forum_post` fp join ct_forum_theme ft on ft.tid = fp.tid and ft.status = 1 join ct_user_login ug on ug.id = fp.uid  WHERE fp.status = 1 ORDER BY fp.post_time desc LIMIT 0,20  

[ 2018-05-29T17:19:08+08:00 ] 127.0.0.1 /zd_townsmen/index.php/Admin/Bbs/index.html
INFO: [ app_init ] --START--
INFO: Run Behavior\BuildLiteBehavior [ RunTime:0.000000s ]
INFO: [ app_init ] --END-- [ RunTime:0.001000s ]
INFO: [ app_begin ] --START--
INFO: Run Behavior\ReadHtmlCacheBehavior [ RunTime:0.000000s ]
INFO: [ app_begin ] --END-- [ RunTime:0.002001s ]
INFO: [ action_begin ] --START--
SQL: SHOW COLUMNS FROM `ct_admin_auth_rule` [ RunTime:0.0010s ]
SQL: SELECT * FROM `ct_admin_auth_rule` WHERE `menu_name` = 'Bbs/index' AND `status` = 1 LIMIT 1   [ RunTime:0.0010s ]
INFO: Run Admin\Behaviors\OptionRecordBehavior [ RunTime:0.028001s ]
INFO: [ action_begin ] --END-- [ RunTime:0.028001s ]
SQL: SHOW COLUMNS FROM `ct_admin_auth_group_access` [ RunTime:0.0140s ]
SQL: SELECT `uid`,`group_id`,`title`,`rules` FROM ct_admin_auth_group_access a INNER JOIN ct_admin_auth_group g on a.group_id=g.id  WHERE ( a.uid='12' and g.status='1' )  [ RunTime:0.0010s ]
SQL: SHOW COLUMNS FROM `ct_admin_auth_rule` [ RunTime:0.0020s ]
SQL: SELECT `menu_name` FROM `ct_admin_auth_rule` WHERE `id` IN ('2','19','3','4','7','8','9','10','5','11','12','13','14','6','15','16','17','18','20','21','22','26','23','27','24','28','29','25','30','31','32') AND `type` = 1 AND `status` = 1  [ RunTime:0.0020s ]
SQL: SHOW COLUMNS FROM `ct_forum_post` [ RunTime:0.0030s ]
NOTIC: [2] Missing argument 1 for I(), called in D:\wamp64\www\zd_townsmen\Apps\Admin\Controller\BbsController.class.php on line 25 and defined D:\wamp64\www\zd_townsmen\ThinkPHP\Common\functions.php 第 271 行.
NOTIC: [8] Undefined variable: name D:\wamp64\www\zd_townsmen\ThinkPHP\Common\functions.php 第 273 行.
NOTIC: [8] Undefined variable: name D:\wamp64\www\zd_townsmen\ThinkPHP\Common\functions.php 第 278 行.
NOTIC: [8] Undefined variable: name D:\wamp64\www\zd_townsmen\ThinkPHP\Common\functions.php 第 339 行.
SQL: SELECT COUNT(*) AS tp_count FROM `ct_forum_post` WHERE `status` = 1 LIMIT 1   [ RunTime:0.0010s ]
ERR: 1054:Unknown column 'ug.id' in 'on clause'
 [ SQL语句 ] : SELECT fp.pid,fp.title,fp.post_time,ft.theme,ug.username FROM `ct_forum_post` fp join ct_forum_theme ft on ft.tid = fp.tid and ft.status = 1 join ct_user_login ug on ug.id = fp.uid  WHERE fp.status = 1 ORDER BY fp.post_time desc LIMIT 0,20  
ERR: 1054:Unknown column 'ug.id' in 'on clause'
 [ SQL语句 ] : SELECT fp.pid,fp.title,fp.post_time,ft.theme,ug.username FROM `ct_forum_post` fp join ct_forum_theme ft on ft.tid = fp.tid and ft.status = 1 join ct_user_login ug on ug.id = fp.uid  WHERE fp.status = 1 ORDER BY fp.post_time desc LIMIT 0,20  

[ 2018-05-29T17:20:08+08:00 ] 127.0.0.1 /zd_townsmen/index.php/Admin/Bbs/index.html
INFO: [ app_init ] --START--
INFO: Run Behavior\BuildLiteBehavior [ RunTime:0.000000s ]
INFO: [ app_init ] --END-- [ RunTime:0.001000s ]
INFO: [ app_begin ] --START--
INFO: Run Behavior\ReadHtmlCacheBehavior [ RunTime:0.001000s ]
INFO: [ app_begin ] --END-- [ RunTime:0.001000s ]
INFO: [ action_begin ] --START--
SQL: SHOW COLUMNS FROM `ct_admin_auth_rule` [ RunTime:0.0060s ]
SQL: SELECT * FROM `ct_admin_auth_rule` WHERE `menu_name` = 'Bbs/index' AND `status` = 1 LIMIT 1   [ RunTime:0.0000s ]
INFO: Run Admin\Behaviors\OptionRecordBehavior [ RunTime:0.022002s ]
INFO: [ action_begin ] --END-- [ RunTime:0.023002s ]
SQL: SHOW COLUMNS FROM `ct_admin_auth_group_access` [ RunTime:0.0010s ]
SQL: SELECT `uid`,`group_id`,`title`,`rules` FROM ct_admin_auth_group_access a INNER JOIN ct_admin_auth_group g on a.group_id=g.id  WHERE ( a.uid='12' and g.status='1' )  [ RunTime:0.0010s ]
SQL: SHOW COLUMNS FROM `ct_admin_auth_rule` [ RunTime:0.0000s ]
SQL: SELECT `menu_name` FROM `ct_admin_auth_rule` WHERE `id` IN ('2','19','3','4','7','8','9','10','5','11','12','13','14','6','15','16','17','18','20','21','22','26','23','27','24','28','29','25','30','31','32') AND `type` = 1 AND `status` = 1  [ RunTime:0.0000s ]
SQL: SHOW COLUMNS FROM `ct_forum_post` [ RunTime:0.0070s ]
NOTIC: [2] Missing argument 1 for I(), called in D:\wamp64\www\zd_townsmen\Apps\Admin\Controller\BbsController.class.php on line 25 and defined D:\wamp64\www\zd_townsmen\ThinkPHP\Common\functions.php 第 271 行.
NOTIC: [8] Undefined variable: name D:\wamp64\www\zd_townsmen\ThinkPHP\Common\functions.php 第 273 行.
NOTIC: [8] Undefined variable: name D:\wamp64\www\zd_townsmen\ThinkPHP\Common\functions.php 第 278 行.
NOTIC: [8] Undefined variable: name D:\wamp64\www\zd_townsmen\ThinkPHP\Common\functions.php 第 339 行.
SQL: SELECT COUNT(*) AS tp_count FROM `ct_forum_post` WHERE `status` = 1 LIMIT 1   [ RunTime:0.0000s ]
ERR: 1054:Unknown column 'ug.id' in 'on clause'
 [ SQL语句 ] : SELECT fp.pid,fp.title,fp.post_time,ft.theme,ug.username FROM `ct_forum_post` fp join ct_forum_theme ft on ft.tid = fp.tid and ft.status = 1 join ct_user_login ug on ug.id = fp.uid  WHERE fp.status = 1 ORDER BY fp.post_time desc LIMIT 0,20  
ERR: 1054:Unknown column 'ug.id' in 'on clause'
 [ SQL语句 ] : SELECT fp.pid,fp.title,fp.post_time,ft.theme,ug.username FROM `ct_forum_post` fp join ct_forum_theme ft on ft.tid = fp.tid and ft.status = 1 join ct_user_login ug on ug.id = fp.uid  WHERE fp.status = 1 ORDER BY fp.post_time desc LIMIT 0,20  

[ 2018-05-29T17:20:11+08:00 ] 127.0.0.1 /zd_townsmen/index.php/Admin/Bbs/index.html
INFO: [ app_init ] --START--
INFO: Run Behavior\BuildLiteBehavior [ RunTime:0.001000s ]
INFO: [ app_init ] --END-- [ RunTime:0.001000s ]
INFO: [ app_begin ] --START--
INFO: Run Behavior\ReadHtmlCacheBehavior [ RunTime:0.002000s ]
INFO: [ app_begin ] --END-- [ RunTime:0.002000s ]
INFO: [ action_begin ] --START--
SQL: SHOW COLUMNS FROM `ct_admin_auth_rule` [ RunTime:0.0000s ]
SQL: SELECT * FROM `ct_admin_auth_rule` WHERE `menu_name` = 'Bbs/index' AND `status` = 1 LIMIT 1   [ RunTime:0.0000s ]
INFO: Run Admin\Behaviors\OptionRecordBehavior [ RunTime:0.021001s ]
INFO: [ action_begin ] --END-- [ RunTime:0.021001s ]
SQL: SHOW COLUMNS FROM `ct_admin_auth_group_access` [ RunTime:0.0020s ]
SQL: SELECT `uid`,`group_id`,`title`,`rules` FROM ct_admin_auth_group_access a INNER JOIN ct_admin_auth_group g on a.group_id=g.id  WHERE ( a.uid='12' and g.status='1' )  [ RunTime:0.0010s ]
SQL: SHOW COLUMNS FROM `ct_admin_auth_rule` [ RunTime:0.0000s ]
SQL: SELECT `menu_name` FROM `ct_admin_auth_rule` WHERE `id` IN ('2','19','3','4','7','8','9','10','5','11','12','13','14','6','15','16','17','18','20','21','22','26','23','27','24','28','29','25','30','31','32') AND `type` = 1 AND `status` = 1  [ RunTime:0.0000s ]
SQL: SHOW COLUMNS FROM `ct_forum_post` [ RunTime:0.0020s ]
NOTIC: [2] Missing argument 1 for I(), called in D:\wamp64\www\zd_townsmen\Apps\Admin\Controller\BbsController.class.php on line 25 and defined D:\wamp64\www\zd_townsmen\ThinkPHP\Common\functions.php 第 271 行.
NOTIC: [8] Undefined variable: name D:\wamp64\www\zd_townsmen\ThinkPHP\Common\functions.php 第 273 行.
NOTIC: [8] Undefined variable: name D:\wamp64\www\zd_townsmen\ThinkPHP\Common\functions.php 第 278 行.
NOTIC: [8] Undefined variable: name D:\wamp64\www\zd_townsmen\ThinkPHP\Common\functions.php 第 339 行.
SQL: SELECT COUNT(*) AS tp_count FROM `ct_forum_post` WHERE `status` = 1 LIMIT 1   [ RunTime:0.0000s ]
ERR: 1054:Unknown column 'ug.id' in 'on clause'
 [ SQL语句 ] : SELECT fp.pid,fp.title,fp.post_time,ft.theme,ug.username FROM `ct_forum_post` fp join ct_forum_theme ft on ft.tid = fp.tid and ft.status = 1 join ct_user_login ug on ug.id = fp.uid  WHERE fp.status = 1 ORDER BY fp.post_time desc LIMIT 0,20  
ERR: 1054:Unknown column 'ug.id' in 'on clause'
 [ SQL语句 ] : SELECT fp.pid,fp.title,fp.post_time,ft.theme,ug.username FROM `ct_forum_post` fp join ct_forum_theme ft on ft.tid = fp.tid and ft.status = 1 join ct_user_login ug on ug.id = fp.uid  WHERE fp.status = 1 ORDER BY fp.post_time desc LIMIT 0,20  

[ 2018-05-29T17:20:14+08:00 ] 127.0.0.1 /zd_townsmen/index.php/Admin/Bbs/index.html
INFO: [ app_init ] --START--
INFO: Run Behavior\BuildLiteBehavior [ RunTime:0.000000s ]
INFO: [ app_init ] --END-- [ RunTime:0.001000s ]
INFO: [ app_begin ] --START--
INFO: Run Behavior\ReadHtmlCacheBehavior [ RunTime:0.001000s ]
INFO: [ app_begin ] --END-- [ RunTime:0.001000s ]
INFO: [ action_begin ] --START--
SQL: SHOW COLUMNS FROM `ct_admin_auth_rule` [ RunTime:0.0030s ]
SQL: SELECT * FROM `ct_admin_auth_rule` WHERE `menu_name` = 'Bbs/index' AND `status` = 1 LIMIT 1   [ RunTime:0.0000s ]
INFO: Run Admin\Behaviors\OptionRecordBehavior [ RunTime:0.045003s ]
INFO: [ action_begin ] --END-- [ RunTime:0.046003s ]
SQL: SHOW COLUMNS FROM `ct_admin_auth_group_access` [ RunTime:0.0010s ]
SQL: SELECT `uid`,`group_id`,`title`,`rules` FROM ct_admin_auth_group_access a INNER JOIN ct_admin_auth_group g on a.group_id=g.id  WHERE ( a.uid='12' and g.status='1' )  [ RunTime:0.0010s ]
SQL: SHOW COLUMNS FROM `ct_admin_auth_rule` [ RunTime:0.0010s ]
SQL: SELECT `menu_name` FROM `ct_admin_auth_rule` WHERE `id` IN ('2','19','3','4','7','8','9','10','5','11','12','13','14','6','15','16','17','18','20','21','22','26','23','27','24','28','29','25','30','31','32') AND `type` = 1 AND `status` = 1  [ RunTime:0.0010s ]
SQL: SHOW COLUMNS FROM `ct_forum_post` [ RunTime:0.0020s ]
NOTIC: [2] Missing argument 1 for I(), called in D:\wamp64\www\zd_townsmen\Apps\Admin\Controller\BbsController.class.php on line 25 and defined D:\wamp64\www\zd_townsmen\ThinkPHP\Common\functions.php 第 271 行.
NOTIC: [8] Undefined variable: name D:\wamp64\www\zd_townsmen\ThinkPHP\Common\functions.php 第 273 行.
NOTIC: [8] Undefined variable: name D:\wamp64\www\zd_townsmen\ThinkPHP\Common\functions.php 第 278 行.
NOTIC: [8] Undefined variable: name D:\wamp64\www\zd_townsmen\ThinkPHP\Common\functions.php 第 339 行.
SQL: SELECT COUNT(*) AS tp_count FROM `ct_forum_post` WHERE `status` = 1 LIMIT 1   [ RunTime:0.0000s ]
ERR: 1054:Unknown column 'ug.id' in 'on clause'
 [ SQL语句 ] : SELECT fp.pid,fp.title,fp.post_time,ft.theme,ug.username FROM `ct_forum_post` fp join ct_forum_theme ft on ft.tid = fp.tid and ft.status = 1 join ct_user_login ug on ug.id = fp.uid  WHERE fp.status = 1 ORDER BY fp.post_time desc LIMIT 0,20  
ERR: 1054:Unknown column 'ug.id' in 'on clause'
 [ SQL语句 ] : SELECT fp.pid,fp.title,fp.post_time,ft.theme,ug.username FROM `ct_forum_post` fp join ct_forum_theme ft on ft.tid = fp.tid and ft.status = 1 join ct_user_login ug on ug.id = fp.uid  WHERE fp.status = 1 ORDER BY fp.post_time desc LIMIT 0,20  

[ 2018-05-29T17:20:33+08:00 ] 127.0.0.1 /zd_townsmen/index.php/Admin/Bbs/index.html
INFO: [ app_init ] --START--
INFO: Run Behavior\BuildLiteBehavior [ RunTime:0.000000s ]
INFO: [ app_init ] --END-- [ RunTime:0.000000s ]
INFO: [ app_begin ] --START--
INFO: Run Behavior\ReadHtmlCacheBehavior [ RunTime:0.001000s ]
INFO: [ app_begin ] --END-- [ RunTime:0.001000s ]
INFO: [ action_begin ] --START--
SQL: SHOW COLUMNS FROM `ct_admin_auth_rule` [ RunTime:0.0190s ]
SQL: SELECT * FROM `ct_admin_auth_rule` WHERE `menu_name` = 'Bbs/index' AND `status` = 1 LIMIT 1   [ RunTime:0.0000s ]
INFO: Run Admin\Behaviors\OptionRecordBehavior [ RunTime:0.039002s ]
INFO: [ action_begin ] --END-- [ RunTime:0.039002s ]
SQL: SHOW COLUMNS FROM `ct_admin_auth_group_access` [ RunTime:0.0150s ]
SQL: SELECT `uid`,`group_id`,`title`,`rules` FROM ct_admin_auth_group_access a INNER JOIN ct_admin_auth_group g on a.group_id=g.id  WHERE ( a.uid='12' and g.status='1' )  [ RunTime:0.0090s ]
SQL: SHOW COLUMNS FROM `ct_admin_auth_rule` [ RunTime:0.0010s ]
SQL: SELECT `menu_name` FROM `ct_admin_auth_rule` WHERE `id` IN ('2','19','3','4','7','8','9','10','5','11','12','13','14','6','15','16','17','18','20','21','22','26','23','27','24','28','29','25','30','31','32') AND `type` = 1 AND `status` = 1  [ RunTime:0.0010s ]
SQL: SHOW COLUMNS FROM `ct_forum_post` [ RunTime:0.0110s ]
NOTIC: [2] Missing argument 1 for I(), called in D:\wamp64\www\zd_townsmen\Apps\Admin\Controller\BbsController.class.php on line 25 and defined D:\wamp64\www\zd_townsmen\ThinkPHP\Common\functions.php 第 271 行.
NOTIC: [8] Undefined variable: name D:\wamp64\www\zd_townsmen\ThinkPHP\Common\functions.php 第 273 行.
NOTIC: [8] Undefined variable: name D:\wamp64\www\zd_townsmen\ThinkPHP\Common\functions.php 第 278 行.
NOTIC: [8] Undefined variable: name D:\wamp64\www\zd_townsmen\ThinkPHP\Common\functions.php 第 339 行.
SQL: SELECT COUNT(*) AS tp_count FROM `ct_forum_post` WHERE `status` = 1 LIMIT 1   [ RunTime:0.0000s ]
SQL: SELECT fp.pid,fp.title,fp.post_time,ft.theme,ug.username FROM `ct_forum_post` fp join ct_forum_theme ft on ft.tid = fp.tid and ft.status = 1 join ct_user_login ug on ug.uid = fp.uid  WHERE fp.status = 1 ORDER BY fp.post_time desc LIMIT 0,20   [ RunTime:0.0100s ]
INFO: [ view_parse ] --START--
INFO: [ template_filter ] --START--
INFO: Run Behavior\ContentReplaceBehavior [ RunTime:0.000000s ]
INFO: [ template_filter ] --END-- [ RunTime:0.001000s ]
NOTIC: [8] Undefined variable: menu D:\wamp64\www\zd_townsmen\Apps\Runtime\Cache\Admin\67d479efe7a9394afb7b6701a3f6ec89.php 第 71 行.
INFO: Run Behavior\ParseTemplateBehavior [ RunTime:0.048003s ]
INFO: [ view_parse ] --END-- [ RunTime:0.048003s ]
INFO: [ view_filter ] --START--
INFO: Run Behavior\WriteHtmlCacheBehavior [ RunTime:0.001000s ]
INFO: [ view_filter ] --END-- [ RunTime:0.001000s ]
INFO: [ app_end ] --START--
INFO: Run Behavior\ShowPageTraceBehavior [ RunTime:0.002000s ]
INFO: [ app_end ] --END-- [ RunTime:0.002000s ]

[ 2018-05-29T17:20:35+08:00 ] 127.0.0.1 /zd_townsmen/index.php/Admin/Novel/index.html
INFO: [ app_init ] --START--
INFO: Run Behavior\BuildLiteBehavior [ RunTime:0.000000s ]
INFO: [ app_init ] --END-- [ RunTime:0.001000s ]
INFO: [ app_begin ] --START--
INFO: Run Behavior\ReadHtmlCacheBehavior [ RunTime:0.001000s ]
INFO: [ app_begin ] --END-- [ RunTime:0.002000s ]
INFO: [ action_begin ] --START--
SQL: SHOW COLUMNS FROM `ct_admin_auth_rule` [ RunTime:0.0010s ]
SQL: SELECT * FROM `ct_admin_auth_rule` WHERE `menu_name` = 'Novel/index' AND `status` = 1 LIMIT 1   [ RunTime:0.0010s ]
INFO: Run Admin\Behaviors\OptionRecordBehavior [ RunTime:0.019001s ]
INFO: [ action_begin ] --END-- [ RunTime:0.019001s ]
SQL: SHOW COLUMNS FROM `ct_admin_auth_group_access` [ RunTime:0.0010s ]
SQL: SELECT `uid`,`group_id`,`title`,`rules` FROM ct_admin_auth_group_access a INNER JOIN ct_admin_auth_group g on a.group_id=g.id  WHERE ( a.uid='12' and g.status='1' )  [ RunTime:0.0010s ]
SQL: SHOW COLUMNS FROM `ct_admin_auth_rule` [ RunTime:0.0130s ]
SQL: SELECT `menu_name` FROM `ct_admin_auth_rule` WHERE `id` IN ('2','19','3','4','7','8','9','10','5','11','12','13','14','6','15','16','17','18','20','21','22','26','23','27','24','28','29','25','30','31','32') AND `type` = 1 AND `status` = 1  [ RunTime:0.0010s ]
NOTIC: [8] Undefined variable: param D:\wamp64\www\zd_townsmen\Apps\Admin\Controller\NovelController.class.php 第 42 行.
SQL: SHOW COLUMNS FROM `ct_user_novel` [ RunTime:0.0150s ]
NOTIC: [8] Undefined variable: where D:\wamp64\www\zd_townsmen\Apps\Admin\Controller\NovelController.class.php 第 45 行.
SQL: SELECT * FROM `ct_user_novel` ORDER BY update_time desc,sort LIMIT 0,20   [ RunTime:0.0010s ]
NOTIC: [8] Undefined variable: where D:\wamp64\www\zd_townsmen\Apps\Admin\Controller\NovelController.class.php 第 48 行.
SQL: SELECT COUNT(*) AS tp_count FROM `ct_user_novel` LIMIT 1   [ RunTime:0.0010s ]
INFO: [ view_parse ] --START--
INFO: [ template_filter ] --START--
INFO: Run Behavior\ContentReplaceBehavior [ RunTime:0.000000s ]
INFO: [ template_filter ] --END-- [ RunTime:0.000000s ]
NOTIC: [8] Undefined variable: menu D:\wamp64\www\zd_townsmen\Apps\Runtime\Cache\Admin\558155540a22bb1cb55e259751f05375.php 第 71 行.
INFO: Run Behavior\ParseTemplateBehavior [ RunTime:0.023001s ]
INFO: [ view_parse ] --END-- [ RunTime:0.023001s ]
INFO: [ view_filter ] --START--
INFO: Run Behavior\WriteHtmlCacheBehavior [ RunTime:0.000000s ]
INFO: [ view_filter ] --END-- [ RunTime:0.000000s ]
INFO: [ app_end ] --START--
INFO: Run Behavior\ShowPageTraceBehavior [ RunTime:0.000000s ]
INFO: [ app_end ] --END-- [ RunTime:0.001000s ]

[ 2018-05-29T17:20:37+08:00 ] 127.0.0.1 /zd_townsmen/index.php/Admin/Market/index.html
INFO: [ app_init ] --START--
INFO: Run Behavior\BuildLiteBehavior [ RunTime:0.000000s ]
INFO: [ app_init ] --END-- [ RunTime:0.000000s ]
INFO: [ app_begin ] --START--
INFO: Run Behavior\ReadHtmlCacheBehavior [ RunTime:0.000000s ]
INFO: [ app_begin ] --END-- [ RunTime:0.000000s ]
INFO: [ action_begin ] --START--
SQL: SHOW COLUMNS FROM `ct_admin_auth_rule` [ RunTime:0.0060s ]
SQL: SELECT * FROM `ct_admin_auth_rule` WHERE `menu_name` = 'Market/index' AND `status` = 1 LIMIT 1   [ RunTime:0.0000s ]
INFO: Run Admin\Behaviors\OptionRecordBehavior [ RunTime:0.027002s ]
INFO: [ action_begin ] --END-- [ RunTime:0.027002s ]
SQL: SHOW COLUMNS FROM `ct_admin_auth_group_access` [ RunTime:0.0070s ]
SQL: SELECT `uid`,`group_id`,`title`,`rules` FROM ct_admin_auth_group_access a INNER JOIN ct_admin_auth_group g on a.group_id=g.id  WHERE ( a.uid='12' and g.status='1' )  [ RunTime:0.0020s ]
SQL: SHOW COLUMNS FROM `ct_admin_auth_rule` [ RunTime:0.0010s ]
SQL: SELECT `menu_name` FROM `ct_admin_auth_rule` WHERE `id` IN ('2','19','3','4','7','8','9','10','5','11','12','13','14','6','15','16','17','18','20','21','22','26','23','27','24','28','29','25','30','31','32') AND `type` = 1 AND `status` = 1  [ RunTime:0.0010s ]
SQL: SHOW COLUMNS FROM `ct_goods` [ RunTime:0.0030s ]
NOTIC: [8] Undefined variable: param D:\wamp64\www\zd_townsmen\Apps\Admin\Controller\MarketController.class.php 第 44 行.
NOTIC: [8] Undefined variable: where D:\wamp64\www\zd_townsmen\Apps\Admin\Controller\MarketController.class.php 第 46 行.
SQL: SELECT COUNT(*) AS tp_count FROM `ct_goods` WHERE `status` = 1 LIMIT 1   [ RunTime:0.0180s ]
SQL: SELECT gd.gid,gd.name,gd.unique_code,gd.description,gd.icon,gt.name FROM `ct_goods` gd join ct_goods_type gt on gt.tid = gd.type_id and gt.status = 1  WHERE gd.status = 1 ORDER BY gd.creat_time desc LIMIT 0,20   [ RunTime:0.0020s ]
INFO: [ view_parse ] --START--
INFO: [ template_filter ] --START--
INFO: Run Behavior\ContentReplaceBehavior [ RunTime:0.000000s ]
INFO: [ template_filter ] --END-- [ RunTime:0.000000s ]
NOTIC: [8] Undefined variable: menu D:\wamp64\www\zd_townsmen\Apps\Runtime\Cache\Admin\c6bd1271096fcfcc217ce3417707850d.php 第 71 行.
INFO: Run Behavior\ParseTemplateBehavior [ RunTime:0.028001s ]
INFO: [ view_parse ] --END-- [ RunTime:0.029002s ]
INFO: [ view_filter ] --START--
INFO: Run Behavior\WriteHtmlCacheBehavior [ RunTime:0.000000s ]
INFO: [ view_filter ] --END-- [ RunTime:0.000000s ]
INFO: [ app_end ] --START--
INFO: Run Behavior\ShowPageTraceBehavior [ RunTime:0.000000s ]
INFO: [ app_end ] --END-- [ RunTime:0.000000s ]

[ 2018-05-29T17:20:38+08:00 ] 127.0.0.1 /zd_townsmen/index.php/Admin/Order/index.html
INFO: [ app_init ] --START--
INFO: Run Behavior\BuildLiteBehavior [ RunTime:0.000000s ]
INFO: [ app_init ] --END-- [ RunTime:0.001000s ]
INFO: [ app_begin ] --START--
INFO: Run Behavior\ReadHtmlCacheBehavior [ RunTime:0.001000s ]
INFO: [ app_begin ] --END-- [ RunTime:0.001000s ]
INFO: [ action_begin ] --START--
SQL: SHOW COLUMNS FROM `ct_admin_auth_rule` [ RunTime:0.0000s ]
SQL: SELECT * FROM `ct_admin_auth_rule` WHERE `menu_name` = 'Order/index' AND `status` = 1 LIMIT 1   [ RunTime:0.0000s ]
INFO: Run Admin\Behaviors\OptionRecordBehavior [ RunTime:0.031002s ]
INFO: [ action_begin ] --END-- [ RunTime:0.031002s ]
SQL: SHOW COLUMNS FROM `ct_admin_auth_group_access` [ RunTime:0.0020s ]
SQL: SELECT `uid`,`group_id`,`title`,`rules` FROM ct_admin_auth_group_access a INNER JOIN ct_admin_auth_group g on a.group_id=g.id  WHERE ( a.uid='12' and g.status='1' )  [ RunTime:0.0010s ]
SQL: SHOW COLUMNS FROM `ct_admin_auth_rule` [ RunTime:0.0010s ]
SQL: SELECT `menu_name` FROM `ct_admin_auth_rule` WHERE `id` IN ('2','19','3','4','7','8','9','10','5','11','12','13','14','6','15','16','17','18','20','21','22','26','23','27','24','28','29','25','30','31','32') AND `type` = 1 AND `status` = 1  [ RunTime:0.0010s ]
SQL: SHOW COLUMNS FROM `ct_user_order` [ RunTime:0.0020s ]
NOTIC: [8] Undefined variable: param D:\wamp64\www\zd_townsmen\Apps\Admin\Controller\OrderController.class.php 第 44 行.
NOTIC: [8] Undefined variable: where D:\wamp64\www\zd_townsmen\Apps\Admin\Controller\OrderController.class.php 第 46 行.
SQL: SELECT COUNT(*) AS tp_count FROM `ct_user_order` LIMIT 1   [ RunTime:0.0010s ]
ERR: 1054:Unknown column 'ul.id' in 'field list'
 [ SQL语句 ] : SELECT uo.*,ul.id,ul.username FROM `ct_user_order` uo join ct_user_login ul on ul.id = uo.buyer_id  ORDER BY uo.order_time desc LIMIT 0,20  
ERR: 1054:Unknown column 'ul.id' in 'field list'
 [ SQL语句 ] : SELECT uo.*,ul.id,ul.username FROM `ct_user_order` uo join ct_user_login ul on ul.id = uo.buyer_id  ORDER BY uo.order_time desc LIMIT 0,20  

[ 2018-05-29T17:21:26+08:00 ] 127.0.0.1 /zd_townsmen/index.php/Admin/Order/index.html
INFO: [ app_init ] --START--
INFO: Run Behavior\BuildLiteBehavior [ RunTime:0.000000s ]
INFO: [ app_init ] --END-- [ RunTime:0.001000s ]
INFO: [ app_begin ] --START--
INFO: Run Behavior\ReadHtmlCacheBehavior [ RunTime:0.001000s ]
INFO: [ app_begin ] --END-- [ RunTime:0.001000s ]
INFO: [ action_begin ] --START--
SQL: SHOW COLUMNS FROM `ct_admin_auth_rule` [ RunTime:0.0160s ]
SQL: SELECT * FROM `ct_admin_auth_rule` WHERE `menu_name` = 'Order/index' AND `status` = 1 LIMIT 1   [ RunTime:0.0000s ]
INFO: Run Admin\Behaviors\OptionRecordBehavior [ RunTime:0.042003s ]
INFO: [ action_begin ] --END-- [ RunTime:0.042003s ]
SQL: SHOW COLUMNS FROM `ct_admin_auth_group_access` [ RunTime:0.0010s ]
SQL: SELECT `uid`,`group_id`,`title`,`rules` FROM ct_admin_auth_group_access a INNER JOIN ct_admin_auth_group g on a.group_id=g.id  WHERE ( a.uid='12' and g.status='1' )  [ RunTime:0.0000s ]
SQL: SHOW COLUMNS FROM `ct_admin_auth_rule` [ RunTime:0.0000s ]
SQL: SELECT `menu_name` FROM `ct_admin_auth_rule` WHERE `id` IN ('2','19','3','4','7','8','9','10','5','11','12','13','14','6','15','16','17','18','20','21','22','26','23','27','24','28','29','25','30','31','32') AND `type` = 1 AND `status` = 1  [ RunTime:0.0000s ]
SQL: SHOW COLUMNS FROM `ct_user_order` [ RunTime:0.0000s ]
NOTIC: [8] Undefined variable: param D:\wamp64\www\zd_townsmen\Apps\Admin\Controller\OrderController.class.php 第 44 行.
NOTIC: [8] Undefined variable: where D:\wamp64\www\zd_townsmen\Apps\Admin\Controller\OrderController.class.php 第 46 行.
SQL: SELECT COUNT(*) AS tp_count FROM `ct_user_order` LIMIT 1   [ RunTime:0.0010s ]
ERR: 1054:Unknown column 'ul.id' in 'field list'
 [ SQL语句 ] : SELECT uo.*,ul.id,ul.username FROM `ct_user_order` uo join ct_user_login ul on ul.uid = uo.buyer_id  ORDER BY uo.order_time desc LIMIT 0,20  
ERR: 1054:Unknown column 'ul.id' in 'field list'
 [ SQL语句 ] : SELECT uo.*,ul.id,ul.username FROM `ct_user_order` uo join ct_user_login ul on ul.uid = uo.buyer_id  ORDER BY uo.order_time desc LIMIT 0,20  

[ 2018-05-29T17:21:50+08:00 ] 127.0.0.1 /zd_townsmen/index.php/Admin/Order/index.html
INFO: [ app_init ] --START--
INFO: Run Behavior\BuildLiteBehavior [ RunTime:0.000000s ]
INFO: [ app_init ] --END-- [ RunTime:0.000000s ]
INFO: [ app_begin ] --START--
INFO: Run Behavior\ReadHtmlCacheBehavior [ RunTime:0.000000s ]
INFO: [ app_begin ] --END-- [ RunTime:0.001000s ]
INFO: [ action_begin ] --START--
SQL: SHOW COLUMNS FROM `ct_admin_auth_rule` [ RunTime:0.0340s ]
SQL: SELECT * FROM `ct_admin_auth_rule` WHERE `menu_name` = 'Order/index' AND `status` = 1 LIMIT 1   [ RunTime:0.0010s ]
INFO: Run Admin\Behaviors\OptionRecordBehavior [ RunTime:0.047002s ]
INFO: [ action_begin ] --END-- [ RunTime:0.047002s ]
SQL: SHOW COLUMNS FROM `ct_admin_auth_group_access` [ RunTime:0.0010s ]
SQL: SELECT `uid`,`group_id`,`title`,`rules` FROM ct_admin_auth_group_access a INNER JOIN ct_admin_auth_group g on a.group_id=g.id  WHERE ( a.uid='12' and g.status='1' )  [ RunTime:0.0000s ]
SQL: SHOW COLUMNS FROM `ct_admin_auth_rule` [ RunTime:0.0030s ]
SQL: SELECT `menu_name` FROM `ct_admin_auth_rule` WHERE `id` IN ('2','19','3','4','7','8','9','10','5','11','12','13','14','6','15','16','17','18','20','21','22','26','23','27','24','28','29','25','30','31','32') AND `type` = 1 AND `status` = 1  [ RunTime:0.0000s ]
SQL: SHOW COLUMNS FROM `ct_user_order` [ RunTime:0.0020s ]
NOTIC: [8] Undefined variable: param D:\wamp64\www\zd_townsmen\Apps\Admin\Controller\OrderController.class.php 第 44 行.
NOTIC: [8] Undefined variable: where D:\wamp64\www\zd_townsmen\Apps\Admin\Controller\OrderController.class.php 第 46 行.
SQL: SELECT COUNT(*) AS tp_count FROM `ct_user_order` LIMIT 1   [ RunTime:0.0000s ]
SQL: SELECT uo.*,ul.uid,ul.username FROM `ct_user_order` uo join ct_user_login ul on ul.uid = uo.buyer_uid  ORDER BY uo.order_time desc LIMIT 0,20   [ RunTime:0.0190s ]
INFO: [ view_parse ] --START--
INFO: [ template_filter ] --START--
INFO: Run Behavior\ContentReplaceBehavior [ RunTime:0.000000s ]
INFO: [ template_filter ] --END-- [ RunTime:0.000000s ]
NOTIC: [8] Undefined variable: menu D:\wamp64\www\zd_townsmen\Apps\Runtime\Cache\Admin\f4e214009ad75ac936bcad6ad9452214.php 第 71 行.
INFO: Run Behavior\ParseTemplateBehavior [ RunTime:0.023002s ]
INFO: [ view_parse ] --END-- [ RunTime:0.023002s ]
INFO: [ view_filter ] --START--
INFO: Run Behavior\WriteHtmlCacheBehavior [ RunTime:0.001000s ]
INFO: [ view_filter ] --END-- [ RunTime:0.001000s ]
INFO: [ app_end ] --START--
INFO: Run Behavior\ShowPageTraceBehavior [ RunTime:0.001000s ]
INFO: [ app_end ] --END-- [ RunTime:0.001000s ]

[ 2018-05-29T17:21:52+08:00 ] 127.0.0.1 /zd_townsmen/index.php/Admin/Message/index.html
INFO: [ app_init ] --START--
INFO: Run Behavior\BuildLiteBehavior [ RunTime:0.000000s ]
INFO: [ app_init ] --END-- [ RunTime:0.001000s ]
INFO: [ app_begin ] --START--
INFO: Run Behavior\ReadHtmlCacheBehavior [ RunTime:0.001000s ]
INFO: [ app_begin ] --END-- [ RunTime:0.001000s ]
INFO: [ action_begin ] --START--
SQL: SHOW COLUMNS FROM `ct_admin_auth_rule` [ RunTime:0.0050s ]
SQL: SELECT * FROM `ct_admin_auth_rule` WHERE `menu_name` = 'Message/index' AND `status` = 1 LIMIT 1   [ RunTime:0.0010s ]
INFO: Run Admin\Behaviors\OptionRecordBehavior [ RunTime:0.032002s ]
INFO: [ action_begin ] --END-- [ RunTime:0.032002s ]
SQL: SHOW COLUMNS FROM `ct_admin_auth_group_access` [ RunTime:0.0370s ]
SQL: SELECT `uid`,`group_id`,`title`,`rules` FROM ct_admin_auth_group_access a INNER JOIN ct_admin_auth_group g on a.group_id=g.id  WHERE ( a.uid='12' and g.status='1' )  [ RunTime:0.0020s ]
SQL: SHOW COLUMNS FROM `ct_admin_auth_rule` [ RunTime:0.0010s ]
SQL: SELECT `menu_name` FROM `ct_admin_auth_rule` WHERE `id` IN ('2','19','3','4','7','8','9','10','5','11','12','13','14','6','15','16','17','18','20','21','22','26','23','27','24','28','29','25','30','31','32') AND `type` = 1 AND `status` = 1  [ RunTime:0.0010s ]
NOTIC: [8] Undefined variable: param D:\wamp64\www\zd_townsmen\Apps\Admin\Controller\MessageController.class.php 第 41 行.
SQL: SHOW COLUMNS FROM `ct_user_message` [ RunTime:0.0020s ]
NOTIC: [8] Undefined variable: where D:\wamp64\www\zd_townsmen\Apps\Admin\Controller\MessageController.class.php 第 44 行.
SQL: SELECT * FROM `ct_user_message` ORDER BY send_time desc LIMIT 0,20   [ RunTime:0.0000s ]
NOTIC: [8] Undefined variable: where D:\wamp64\www\zd_townsmen\Apps\Admin\Controller\MessageController.class.php 第 47 行.
SQL: SELECT COUNT(*) AS tp_count FROM `ct_user_message` LIMIT 1   [ RunTime:0.0120s ]
INFO: [ view_parse ] --START--
INFO: [ template_filter ] --START--
INFO: Run Behavior\ContentReplaceBehavior [ RunTime:0.000000s ]
INFO: [ template_filter ] --END-- [ RunTime:0.000000s ]
NOTIC: [8] Undefined variable: menu D:\wamp64\www\zd_townsmen\Apps\Runtime\Cache\Admin\70f238bbbf283859345ba44ad510998e.php 第 71 行.
INFO: Run Behavior\ParseTemplateBehavior [ RunTime:0.029001s ]
INFO: [ view_parse ] --END-- [ RunTime:0.029001s ]
INFO: [ view_filter ] --START--
INFO: Run Behavior\WriteHtmlCacheBehavior [ RunTime:0.002000s ]
INFO: [ view_filter ] --END-- [ RunTime:0.002000s ]
INFO: [ app_end ] --START--
INFO: Run Behavior\ShowPageTraceBehavior [ RunTime:0.002000s ]
INFO: [ app_end ] --END-- [ RunTime:0.002000s ]

[ 2018-05-29T17:21:54+08:00 ] 127.0.0.1 /zd_townsmen/index.php/Admin/Activity/index.html
INFO: [ app_init ] --START--
INFO: Run Behavior\BuildLiteBehavior [ RunTime:0.000000s ]
INFO: [ app_init ] --END-- [ RunTime:0.000000s ]
INFO: [ app_begin ] --START--
INFO: Run Behavior\ReadHtmlCacheBehavior [ RunTime:0.001000s ]
INFO: [ app_begin ] --END-- [ RunTime:0.001000s ]
INFO: [ action_begin ] --START--
SQL: SHOW COLUMNS FROM `ct_admin_auth_rule` [ RunTime:0.0010s ]
SQL: SELECT * FROM `ct_admin_auth_rule` WHERE `menu_name` = 'Activity/index' AND `status` = 1 LIMIT 1   [ RunTime:0.0010s ]
INFO: Run Admin\Behaviors\OptionRecordBehavior [ RunTime:0.042002s ]
INFO: [ action_begin ] --END-- [ RunTime:0.042002s ]
SQL: SHOW COLUMNS FROM `ct_admin_auth_group_access` [ RunTime:0.0010s ]
SQL: SELECT `uid`,`group_id`,`title`,`rules` FROM ct_admin_auth_group_access a INNER JOIN ct_admin_auth_group g on a.group_id=g.id  WHERE ( a.uid='12' and g.status='1' )  [ RunTime:0.0010s ]
SQL: SHOW COLUMNS FROM `ct_admin_auth_rule` [ RunTime:0.0010s ]
SQL: SELECT `menu_name` FROM `ct_admin_auth_rule` WHERE `id` IN ('2','19','3','4','7','8','9','10','5','11','12','13','14','6','15','16','17','18','20','21','22','26','23','27','24','28','29','25','30','31','32') AND `type` = 1 AND `status` = 1  [ RunTime:0.0010s ]
NOTIC: [8] Undefined variable: param D:\wamp64\www\zd_townsmen\Apps\Admin\Controller\ActivityController.class.php 第 42 行.
SQL: SHOW COLUMNS FROM `ct_activity` [ RunTime:0.0240s ]
SQL: SELECT * FROM `ct_activity` WHERE `status` = 1 ORDER BY sort LIMIT 0,20   [ RunTime:0.0270s ]
SQL: SELECT COUNT(*) AS tp_count FROM `ct_activity` WHERE `status` = 1 LIMIT 1   [ RunTime:0.0000s ]
INFO: [ view_parse ] --START--
INFO: [ template_filter ] --START--
INFO: Run Behavior\ContentReplaceBehavior [ RunTime:0.000000s ]
INFO: [ template_filter ] --END-- [ RunTime:0.001000s ]
NOTIC: [8] Undefined variable: menu D:\wamp64\www\zd_townsmen\Apps\Runtime\Cache\Admin\0982b497007df57e43b11d27ddf05d1e.php 第 71 行.
INFO: Run Behavior\ParseTemplateBehavior [ RunTime:0.064004s ]
INFO: [ view_parse ] --END-- [ RunTime:0.064004s ]
INFO: [ view_filter ] --START--
INFO: Run Behavior\WriteHtmlCacheBehavior [ RunTime:0.000000s ]
INFO: [ view_filter ] --END-- [ RunTime:0.001000s ]
INFO: [ app_end ] --START--
INFO: Run Behavior\ShowPageTraceBehavior [ RunTime:0.002000s ]
INFO: [ app_end ] --END-- [ RunTime:0.002000s ]

[ 2018-05-29T17:45:07+08:00 ] 127.0.0.1 /zd_townsmen/index.php/Admin/Member/index.html
INFO: [ app_init ] --START--
INFO: Run Behavior\BuildLiteBehavior [ RunTime:0.000000s ]
INFO: [ app_init ] --END-- [ RunTime:0.000000s ]
INFO: [ app_begin ] --START--
INFO: Run Behavior\ReadHtmlCacheBehavior [ RunTime:0.001000s ]
INFO: [ app_begin ] --END-- [ RunTime:0.002000s ]
INFO: [ action_begin ] --START--
SQL: SHOW COLUMNS FROM `ct_admin_auth_rule` [ RunTime:0.0130s ]
SQL: SELECT * FROM `ct_admin_auth_rule` WHERE `menu_name` = 'Member/index' AND `status` = 1 LIMIT 1   [ RunTime:0.0010s ]
INFO: Run Admin\Behaviors\OptionRecordBehavior [ RunTime:0.045002s ]
INFO: [ action_begin ] --END-- [ RunTime:0.045002s ]
SQL: SHOW COLUMNS FROM `ct_admin_auth_group_access` [ RunTime:0.0000s ]
SQL: SELECT `uid`,`group_id`,`title`,`rules` FROM ct_admin_auth_group_access a INNER JOIN ct_admin_auth_group g on a.group_id=g.id  WHERE ( a.uid='12' and g.status='1' )  [ RunTime:0.0000s ]
SQL: SHOW COLUMNS FROM `ct_admin_auth_rule` [ RunTime:0.0000s ]
SQL: SELECT `menu_name` FROM `ct_admin_auth_rule` WHERE `id` IN ('2','19','3','4','7','8','9','10','5','11','12','13','14','6','15','16','17','18','20','21','22','26','23','27','24','28','29','25','30','31','32') AND `type` = 1 AND `status` = 1  [ RunTime:0.0000s ]
SQL: SHOW COLUMNS FROM `ct_user_login` [ RunTime:0.0020s ]
SQL: SELECT COUNT(*) AS tp_count FROM `ct_user_login` WHERE `reg_time` BETWEEN 1527523200 AND 1527609599 AND `status` = 1 LIMIT 1   [ RunTime:0.0000s ]
SQL: SELECT * FROM `ct_user_login` WHERE `reg_time` BETWEEN 1527523200 AND 1527609599 AND `status` = 1 ORDER BY login_time desc LIMIT 0,25   [ RunTime:0.0010s ]
INFO: [ view_parse ] --START--
INFO: [ template_filter ] --START--
INFO: Run Behavior\ContentReplaceBehavior [ RunTime:0.000000s ]
INFO: [ template_filter ] --END-- [ RunTime:0.001000s ]
NOTIC: [8] Undefined variable: menu D:\wamp64\www\zd_townsmen\Apps\Runtime\Cache\Admin\dc648293262b567a5838a112e7fde856.php 第 71 行.
INFO: Run Behavior\ParseTemplateBehavior [ RunTime:0.025001s ]
INFO: [ view_parse ] --END-- [ RunTime:0.025001s ]
INFO: [ view_filter ] --START--
INFO: Run Behavior\WriteHtmlCacheBehavior [ RunTime:0.001001s ]
INFO: [ view_filter ] --END-- [ RunTime:0.001001s ]
INFO: [ app_end ] --START--
INFO: Run Behavior\ShowPageTraceBehavior [ RunTime:0.001000s ]
INFO: [ app_end ] --END-- [ RunTime:0.001000s ]

[ 2018-05-29T17:45:08+08:00 ] 127.0.0.1 /zd_townsmen/index.php/Admin/Bbs/index.html
INFO: [ app_init ] --START--
INFO: Run Behavior\BuildLiteBehavior [ RunTime:0.000000s ]
INFO: [ app_init ] --END-- [ RunTime:0.001000s ]
INFO: [ app_begin ] --START--
INFO: Run Behavior\ReadHtmlCacheBehavior [ RunTime:0.002000s ]
INFO: [ app_begin ] --END-- [ RunTime:0.002000s ]
INFO: [ action_begin ] --START--
SQL: SHOW COLUMNS FROM `ct_admin_auth_rule` [ RunTime:0.0010s ]
SQL: SELECT * FROM `ct_admin_auth_rule` WHERE `menu_name` = 'Bbs/index' AND `status` = 1 LIMIT 1   [ RunTime:0.0010s ]
INFO: Run Admin\Behaviors\OptionRecordBehavior [ RunTime:0.027002s ]
INFO: [ action_begin ] --END-- [ RunTime:0.027002s ]
SQL: SHOW COLUMNS FROM `ct_admin_auth_group_access` [ RunTime:0.0010s ]
SQL: SELECT `uid`,`group_id`,`title`,`rules` FROM ct_admin_auth_group_access a INNER JOIN ct_admin_auth_group g on a.group_id=g.id  WHERE ( a.uid='12' and g.status='1' )  [ RunTime:0.0000s ]
SQL: SHOW COLUMNS FROM `ct_admin_auth_rule` [ RunTime:0.0010s ]
SQL: SELECT `menu_name` FROM `ct_admin_auth_rule` WHERE `id` IN ('2','19','3','4','7','8','9','10','5','11','12','13','14','6','15','16','17','18','20','21','22','26','23','27','24','28','29','25','30','31','32') AND `type` = 1 AND `status` = 1  [ RunTime:0.0010s ]
SQL: SHOW COLUMNS FROM `ct_forum_post` [ RunTime:0.0010s ]
NOTIC: [2] Missing argument 1 for I(), called in D:\wamp64\www\zd_townsmen\Apps\Admin\Controller\BbsController.class.php on line 25 and defined D:\wamp64\www\zd_townsmen\ThinkPHP\Common\functions.php 第 271 行.
NOTIC: [8] Undefined variable: name D:\wamp64\www\zd_townsmen\ThinkPHP\Common\functions.php 第 273 行.
NOTIC: [8] Undefined variable: name D:\wamp64\www\zd_townsmen\ThinkPHP\Common\functions.php 第 278 行.
NOTIC: [8] Undefined variable: name D:\wamp64\www\zd_townsmen\ThinkPHP\Common\functions.php 第 339 行.
SQL: SELECT COUNT(*) AS tp_count FROM `ct_forum_post` WHERE `status` = 1 LIMIT 1   [ RunTime:0.0010s ]
SQL: SELECT fp.pid,fp.title,fp.post_time,ft.theme,ug.username FROM `ct_forum_post` fp join ct_forum_theme ft on ft.tid = fp.tid and ft.status = 1 join ct_user_login ug on ug.uid = fp.uid  WHERE fp.status = 1 ORDER BY fp.post_time desc LIMIT 0,20   [ RunTime:0.0010s ]
INFO: [ view_parse ] --START--
INFO: [ template_filter ] --START--
INFO: Run Behavior\ContentReplaceBehavior [ RunTime:0.001001s ]
INFO: [ template_filter ] --END-- [ RunTime:0.001001s ]
NOTIC: [8] Undefined variable: menu D:\wamp64\www\zd_townsmen\Apps\Runtime\Cache\Admin\67d479efe7a9394afb7b6701a3f6ec89.php 第 71 行.
INFO: Run Behavior\ParseTemplateBehavior [ RunTime:0.016001s ]
INFO: [ view_parse ] --END-- [ RunTime:0.016001s ]
INFO: [ view_filter ] --START--
INFO: Run Behavior\WriteHtmlCacheBehavior [ RunTime:0.001000s ]
INFO: [ view_filter ] --END-- [ RunTime:0.001000s ]
INFO: [ app_end ] --START--
INFO: Run Behavior\ShowPageTraceBehavior [ RunTime:0.001000s ]
INFO: [ app_end ] --END-- [ RunTime:0.001000s ]

[ 2018-05-29T17:45:09+08:00 ] 127.0.0.1 /zd_townsmen/index.php/Admin/Novel/index.html
INFO: [ app_init ] --START--
INFO: Run Behavior\BuildLiteBehavior [ RunTime:0.000000s ]
INFO: [ app_init ] --END-- [ RunTime:0.001000s ]
INFO: [ app_begin ] --START--
INFO: Run Behavior\ReadHtmlCacheBehavior [ RunTime:0.001000s ]
INFO: [ app_begin ] --END-- [ RunTime:0.002000s ]
INFO: [ action_begin ] --START--
SQL: SHOW COLUMNS FROM `ct_admin_auth_rule` [ RunTime:0.0560s ]
SQL: SELECT * FROM `ct_admin_auth_rule` WHERE `menu_name` = 'Novel/index' AND `status` = 1 LIMIT 1   [ RunTime:0.0010s ]
INFO: Run Admin\Behaviors\OptionRecordBehavior [ RunTime:0.110007s ]
INFO: [ action_begin ] --END-- [ RunTime:0.110007s ]
SQL: SHOW COLUMNS FROM `ct_admin_auth_group_access` [ RunTime:0.0010s ]
SQL: SELECT `uid`,`group_id`,`title`,`rules` FROM ct_admin_auth_group_access a INNER JOIN ct_admin_auth_group g on a.group_id=g.id  WHERE ( a.uid='12' and g.status='1' )  [ RunTime:0.0000s ]
SQL: SHOW COLUMNS FROM `ct_admin_auth_rule` [ RunTime:0.0020s ]
SQL: SELECT `menu_name` FROM `ct_admin_auth_rule` WHERE `id` IN ('2','19','3','4','7','8','9','10','5','11','12','13','14','6','15','16','17','18','20','21','22','26','23','27','24','28','29','25','30','31','32') AND `type` = 1 AND `status` = 1  [ RunTime:0.0010s ]
NOTIC: [8] Undefined variable: param D:\wamp64\www\zd_townsmen\Apps\Admin\Controller\NovelController.class.php 第 42 行.
SQL: SHOW COLUMNS FROM `ct_user_novel` [ RunTime:0.0450s ]
NOTIC: [8] Undefined variable: where D:\wamp64\www\zd_townsmen\Apps\Admin\Controller\NovelController.class.php 第 45 行.
SQL: SELECT * FROM `ct_user_novel` ORDER BY update_time desc,sort LIMIT 0,20   [ RunTime:0.0000s ]
NOTIC: [8] Undefined variable: where D:\wamp64\www\zd_townsmen\Apps\Admin\Controller\NovelController.class.php 第 48 行.
SQL: SELECT COUNT(*) AS tp_count FROM `ct_user_novel` LIMIT 1   [ RunTime:0.0000s ]
INFO: [ view_parse ] --START--
INFO: [ template_filter ] --START--
INFO: Run Behavior\ContentReplaceBehavior [ RunTime:0.000000s ]
INFO: [ template_filter ] --END-- [ RunTime:0.001000s ]
NOTIC: [8] Undefined variable: menu D:\wamp64\www\zd_townsmen\Apps\Runtime\Cache\Admin\558155540a22bb1cb55e259751f05375.php 第 71 行.
INFO: Run Behavior\ParseTemplateBehavior [ RunTime:0.017001s ]
INFO: [ view_parse ] --END-- [ RunTime:0.017001s ]
INFO: [ view_filter ] --START--
INFO: Run Behavior\WriteHtmlCacheBehavior [ RunTime:0.001000s ]
INFO: [ view_filter ] --END-- [ RunTime:0.001000s ]
INFO: [ app_end ] --START--
INFO: Run Behavior\ShowPageTraceBehavior [ RunTime:0.001000s ]
INFO: [ app_end ] --END-- [ RunTime:0.001000s ]

[ 2018-05-29T17:45:14+08:00 ] 127.0.0.1 /zd_townsmen/index.php/Admin/Member/index.html
INFO: [ app_init ] --START--
INFO: Run Behavior\BuildLiteBehavior [ RunTime:0.000000s ]
INFO: [ app_init ] --END-- [ RunTime:0.002000s ]
INFO: [ app_begin ] --START--
INFO: Run Behavior\ReadHtmlCacheBehavior [ RunTime:0.001001s ]
INFO: [ app_begin ] --END-- [ RunTime:0.002001s ]
INFO: [ action_begin ] --START--
SQL: SHOW COLUMNS FROM `ct_admin_auth_rule` [ RunTime:0.0010s ]
SQL: SELECT * FROM `ct_admin_auth_rule` WHERE `menu_name` = 'Member/index' AND `status` = 1 LIMIT 1   [ RunTime:0.0010s ]
INFO: Run Admin\Behaviors\OptionRecordBehavior [ RunTime:0.034002s ]
INFO: [ action_begin ] --END-- [ RunTime:0.034002s ]
SQL: SHOW COLUMNS FROM `ct_admin_auth_group_access` [ RunTime:0.0010s ]
SQL: SELECT `uid`,`group_id`,`title`,`rules` FROM ct_admin_auth_group_access a INNER JOIN ct_admin_auth_group g on a.group_id=g.id  WHERE ( a.uid='12' and g.status='1' )  [ RunTime:0.0010s ]
SQL: SHOW COLUMNS FROM `ct_admin_auth_rule` [ RunTime:0.0010s ]
SQL: SELECT `menu_name` FROM `ct_admin_auth_rule` WHERE `id` IN ('2','19','3','4','7','8','9','10','5','11','12','13','14','6','15','16','17','18','20','21','22','26','23','27','24','28','29','25','30','31','32') AND `type` = 1 AND `status` = 1  [ RunTime:0.0010s ]
SQL: SHOW COLUMNS FROM `ct_user_login` [ RunTime:0.0020s ]
SQL: SELECT COUNT(*) AS tp_count FROM `ct_user_login` WHERE `reg_time` BETWEEN 1527523200 AND 1527609599 AND `status` = 1 LIMIT 1   [ RunTime:0.0000s ]
SQL: SELECT * FROM `ct_user_login` WHERE `reg_time` BETWEEN 1527523200 AND 1527609599 AND `status` = 1 ORDER BY login_time desc LIMIT 0,25   [ RunTime:0.0000s ]
INFO: [ view_parse ] --START--
INFO: [ template_filter ] --START--
INFO: Run Behavior\ContentReplaceBehavior [ RunTime:0.000000s ]
INFO: [ template_filter ] --END-- [ RunTime:0.000000s ]
NOTIC: [8] Undefined variable: menu D:\wamp64\www\zd_townsmen\Apps\Runtime\Cache\Admin\dc648293262b567a5838a112e7fde856.php 第 71 行.
INFO: Run Behavior\ParseTemplateBehavior [ RunTime:0.014001s ]
INFO: [ view_parse ] --END-- [ RunTime:0.014001s ]
INFO: [ view_filter ] --START--
INFO: Run Behavior\WriteHtmlCacheBehavior [ RunTime:0.000000s ]
INFO: [ view_filter ] --END-- [ RunTime:0.001000s ]
INFO: [ app_end ] --START--
INFO: Run Behavior\ShowPageTraceBehavior [ RunTime:0.003000s ]
INFO: [ app_end ] --END-- [ RunTime:0.003000s ]

[ 2018-05-29T17:45:17+08:00 ] 127.0.0.1 /zd_townsmen/index.php/Admin/Member/index.html
INFO: [ app_init ] --START--
INFO: Run Behavior\BuildLiteBehavior [ RunTime:0.000000s ]
INFO: [ app_init ] --END-- [ RunTime:0.001000s ]
INFO: [ app_begin ] --START--
INFO: Run Behavior\ReadHtmlCacheBehavior [ RunTime:0.001000s ]
INFO: [ app_begin ] --END-- [ RunTime:0.001000s ]
INFO: [ action_begin ] --START--
SQL: SHOW COLUMNS FROM `ct_admin_auth_rule` [ RunTime:0.0010s ]
SQL: SELECT * FROM `ct_admin_auth_rule` WHERE `menu_name` = 'Member/index' AND `status` = 1 LIMIT 1   [ RunTime:0.0010s ]
INFO: Run Admin\Behaviors\OptionRecordBehavior [ RunTime:0.026002s ]
INFO: [ action_begin ] --END-- [ RunTime:0.026002s ]
SQL: SHOW COLUMNS FROM `ct_admin_auth_group_access` [ RunTime:0.0000s ]
SQL: SELECT `uid`,`group_id`,`title`,`rules` FROM ct_admin_auth_group_access a INNER JOIN ct_admin_auth_group g on a.group_id=g.id  WHERE ( a.uid='12' and g.status='1' )  [ RunTime:0.0000s ]
SQL: SHOW COLUMNS FROM `ct_admin_auth_rule` [ RunTime:0.0010s ]
SQL: SELECT `menu_name` FROM `ct_admin_auth_rule` WHERE `id` IN ('2','19','3','4','7','8','9','10','5','11','12','13','14','6','15','16','17','18','20','21','22','26','23','27','24','28','29','25','30','31','32') AND `type` = 1 AND `status` = 1  [ RunTime:0.0000s ]
SQL: SHOW COLUMNS FROM `ct_user_login` [ RunTime:0.0020s ]
SQL: SELECT COUNT(*) AS tp_count FROM `ct_user_login` WHERE `reg_time` BETWEEN 1527523200 AND 1527609599 AND `status` = 1 LIMIT 1   [ RunTime:0.0000s ]
SQL: SELECT * FROM `ct_user_login` WHERE `reg_time` BETWEEN 1527523200 AND 1527609599 AND `status` = 1 ORDER BY login_time desc LIMIT 0,25   [ RunTime:0.0000s ]
INFO: [ view_parse ] --START--
INFO: [ template_filter ] --START--
INFO: Run Behavior\ContentReplaceBehavior [ RunTime:0.001000s ]
INFO: [ template_filter ] --END-- [ RunTime:0.001000s ]
NOTIC: [8] Undefined variable: menu D:\wamp64\www\zd_townsmen\Apps\Runtime\Cache\Admin\dc648293262b567a5838a112e7fde856.php 第 71 行.
INFO: Run Behavior\ParseTemplateBehavior [ RunTime:0.017001s ]
INFO: [ view_parse ] --END-- [ RunTime:0.017001s ]
INFO: [ view_filter ] --START--
INFO: Run Behavior\WriteHtmlCacheBehavior [ RunTime:0.002000s ]
INFO: [ view_filter ] --END-- [ RunTime:0.002000s ]
INFO: [ app_end ] --START--
INFO: Run Behavior\ShowPageTraceBehavior [ RunTime:0.001000s ]
INFO: [ app_end ] --END-- [ RunTime:0.001000s ]

